2026-03-30 00:18:22,628 [INFO] MainUpdater:2873 - connection check result : 10
2026-03-30 00:18:22,668 [INFO] MainUpdater:2873 - connection check result : 10
2026-03-30 00:18:23,446 [INFO] I2sManager:658 - 9.6E7
2026-03-30 00:18:23,446 [INFO] I2sManager:195 - I2S Clock Value : 9.6E7
2026-03-30 00:18:23,446 [INFO] I2sManager:553 - AudioClock : 93750Divider : 2Odd : 0
2026-03-30 00:18:23,453 [INFO] MicroXplorer:468 - Change Database Path : 
2026-03-30 00:18:23,453 [INFO] MicroXplorer:498 - Change Database Version : DB.6.0.100
2026-03-30 00:18:23,471 [ERROR] ProjectManagerView:394 - 
java.lang.NullPointerException: Cannot invoke "javax.swing.JTextField.getText()" because the return value of "java.util.List.get(int)" is null
	at com.st.microxplorer.plugins.projectmanager.gui.ProjectChoiceTab$10.caretUpdate(ProjectChoiceTab.java:2493) ~[filemanager.jar:?]
	at javax.swing.text.JTextComponent.fireCaretUpdate(JTextComponent.java:412) ~[?:?]
	at javax.swing.text.JTextComponent$MutableCaretEvent.fire(JTextComponent.java:4491) ~[?:?]
	at javax.swing.text.JTextComponent$MutableCaretEvent.stateChanged(JTextComponent.java:4513) ~[?:?]
	at javax.swing.text.DefaultCaret.fireStateChanged(DefaultCaret.java:842) ~[?:?]
	at javax.swing.text.DefaultCaret.changeCaretPosition(DefaultCaret.java:1313) ~[?:?]
	at javax.swing.text.DefaultCaret.handleSetDot(DefaultCaret.java:1212) ~[?:?]
	at javax.swing.text.DefaultCaret.setDot(DefaultCaret.java:1193) ~[?:?]
	at javax.swing.text.DefaultCaret$Handler.insertUpdate(DefaultCaret.java:1789) ~[?:?]
	at javax.swing.text.AbstractDocument.fireInsertUpdate(AbstractDocument.java:226) ~[?:?]
	at javax.swing.text.AbstractDocument.handleInsertString(AbstractDocument.java:780) ~[?:?]
	at javax.swing.text.AbstractDocument.insertString(AbstractDocument.java:739) ~[?:?]
	at javax.swing.text.PlainDocument.insertString(PlainDocument.java:131) ~[?:?]
	at javax.swing.text.AbstractDocument.replace(AbstractDocument.java:698) ~[?:?]
	at javax.swing.text.JTextComponent.setText(JTextComponent.java:1729) ~[?:?]
	at com.st.microxplorer.plugins.projectmanager.gui.ProjectChoiceTab.createHeapStackFields(ProjectChoiceTab.java:933) ~[filemanager.jar:?]
	at com.st.microxplorer.plugins.projectmanager.gui.ProjectChoiceTab.buildLinkSettingsPanel(ProjectChoiceTab.java:3426) ~[filemanager.jar:?]
	at com.st.microxplorer.plugins.projectmanager.gui.ProjectChoiceTab.defineWindowsFields(ProjectChoiceTab.java:1813) ~[filemanager.jar:?]
	at com.st.microxplorer.plugins.projectmanager.gui.ProjectChoiceTab.updateSettings(ProjectChoiceTab.java:533) ~[filemanager.jar:?]
	at com.st.microxplorer.plugins.projectmanager.gui.ProjectSettingsPanel.UpdateDialog(ProjectSettingsPanel.java:244) ~[filemanager.jar:?]
	at com.st.microxplorer.plugins.projectmanager.ProjectManagerView.propertyChange(ProjectManagerView.java:391) ~[filemanager.jar:?]
	at java.beans.PropertyChangeSupport.fire(PropertyChangeSupport.java:343) ~[?:?]
	at java.beans.PropertyChangeSupport.firePropertyChange(PropertyChangeSupport.java:335) ~[?:?]
	at java.beans.PropertyChangeSupport.firePropertyChange(PropertyChangeSupport.java:268) ~[?:?]
	at com.st.microxplorer.util.MXPropertyChangeSupport.firePropertyChange(MXPropertyChangeSupport.java:54) ~[STM32CubeMX.jar:?]
	at com.st.microxplorer.mxsystem.MxSystem.closeConfig(MxSystem.java:900) ~[STM32CubeMX.jar:?]
	at com.st.microxplorer.maingui.MainPanel.closeConfig(MainPanel.java:776) ~[STM32CubeMX.jar:?]
	at com.st.microxplorer.plugins.filemanager.engine.OpenFileManager.loadConfigurationFile(OpenFileManager.java:245) ~[filemanager.jar:?]
	at com.st.microxplorer.plugins.filemanager.engine.MainFileManager.userLoadConfig(MainFileManager.java:290) ~[filemanager.jar:?]
	at com.st.microxplorer.plugins.filemanager.FileManagerView.getSpecificTask(FileManagerView.java:247) ~[filemanager.jar:?]
	at com.st.stm32cube.common.mx.editor.CubeMxEditor.getMxTabbedPaneInstance(CubeMxEditor.java:1184) ~[com.st.stm32cube.common.mx_6.10.0.202311202037/:?]
	at com.st.stm32cube.common.mx.editor.CubeMxEditor$12$1.createSwingComponent(CubeMxEditor.java:1065) ~[com.st.stm32cube.common.mx_6.10.0.202311202037/:?]
	at com.st.stm32cube.common.mx.oss.core.awtswtbridge.EmbeddedSwingComposite.doComponentCreation(EmbeddedSwingComposite.java:492) ~[com.st.stm32cube.common.mx.oss_6.10.0.202311202037/:?]
	at com.st.stm32cube.common.mx.oss.core.awtswtbridge.EmbeddedSwingComposite$4.run(EmbeddedSwingComposite.java:291) ~[com.st.stm32cube.common.mx.oss_6.10.0.202311202037/:?]
	at com.st.stm32cube.common.mx.oss.core.awtswtbridge.AwtEnvironment$2.run(AwtEnvironment.java:166) ~[com.st.stm32cube.common.mx.oss_6.10.0.202311202037/:?]
	at java.awt.event.InvocationEvent.dispatch(InvocationEvent.java:318) ~[?:?]
	at java.awt.EventQueue.dispatchEventImpl(EventQueue.java:773) ~[?:?]
	at java.awt.EventQueue$4.run(EventQueue.java:720) ~[?:?]
	at java.awt.EventQueue$4.run(EventQueue.java:714) ~[?:?]
	at java.security.AccessController.doPrivileged(AccessController.java:399) ~[?:?]
	at java.security.ProtectionDomain$JavaSecurityAccessImpl.doIntersectionPrivilege(ProtectionDomain.java:86) ~[?:?]
	at java.awt.EventQueue.dispatchEvent(EventQueue.java:742) ~[?:?]
	at java.awt.EventDispatchThread.pumpOneEventForFilters(EventDispatchThread.java:203) ~[?:?]
	at java.awt.EventDispatchThread.pumpEventsForFilter(EventDispatchThread.java:124) ~[?:?]
	at java.awt.EventDispatchThread.pumpEventsForHierarchy(EventDispatchThread.java:113) ~[?:?]
	at java.awt.EventDispatchThread.pumpEvents(EventDispatchThread.java:109) ~[?:?]
	at java.awt.EventDispatchThread.pumpEvents(EventDispatchThread.java:101) ~[?:?]
	at java.awt.EventDispatchThread.run(EventDispatchThread.java:90) ~[?:?]
2026-03-30 00:18:23,489 [WARN] ThirdParty:871 - waiting for thirdparty lock release [close project]
2026-03-30 00:18:23,489 [INFO] ThirdParty:873 - entering critical section [close project]
2026-03-30 00:18:23,490 [INFO] ThirdParty:883 - exiting critical section [close project]
2026-03-30 00:18:23,492 [INFO] PinOutPanel:1499 - setPackage(No Configuration,No Configuration)
2026-03-30 00:18:23,526 [WARN] IpParametersView:151 - Warning: This peripheral hasn't parameters
2026-03-30 00:18:23,558 [WARN] MainPanel:272 - <html><b><center>Warning: This peripheral has no parameters to be configured<br></b></html>
2026-03-30 00:18:23,584 [INFO] UtilMem:75 - Begin LoadConfig() Used Memory: 869130848 Bytes (1073741824)
2026-03-30 00:18:23,585 [INFO] MicroXplorer:468 - Change Database Path : 
2026-03-30 00:18:23,586 [INFO] MicroXplorer:498 - Change Database Version : DB.6.0.100
2026-03-30 00:18:23,586 [INFO] OpenFileManager:312 - Change cursor
2026-03-30 00:18:23,647 [INFO] RulesReader:64 - Compatibility file has been processed (297 Rules)
2026-03-30 00:18:23,656 [INFO] Mcu:2016 - Initializing MCU STM32F407V(E-G)Tx STM32F407VGTx STM32F407VGT6
2026-03-30 00:18:26,270 [INFO] Context:659 - Trying to add GPIOservice into a context  which must be forbidden
2026-03-30 00:18:26,992 [INFO] RtosManager:555 - Registered RTOS mode: class=CMSIS, group=RTOS, mode=CMSIS_V1, owner=FREERTOS
2026-03-30 00:18:26,992 [INFO] RtosManager:555 - Registered RTOS mode: class=CMSIS, group=RTOS2, mode=CMSIS_V2, owner=FREERTOS
2026-03-30 00:18:26,992 [INFO] RtosManager:555 - Registered RTOS mode: class=RTOS, group=Core, mode=CMSIS_V1, owner=FREERTOS
2026-03-30 00:18:26,992 [INFO] RtosManager:555 - Registered RTOS mode: class=RTOS, group=Core, mode=CMSIS_V2, owner=FREERTOS
2026-03-30 00:18:26,992 [WARN] ModelIntegratedComponent:184 - Missing modes for component STMicroelectronics:FreeRTOS:0.0.1:STMicroelectronics:RTOS:FreeRTOS:Core:::10.2.0:
2026-03-30 00:18:27,001 [WARN] ModelIntegratedComponent:63 - No mode defined for component null
2026-03-30 00:18:27,001 [WARN] ModelIntegratedComponent:63 - No mode defined for component null
2026-03-30 00:18:27,001 [WARN] ModelIntegratedComponent:63 - No mode defined for component null
2026-03-30 00:18:27,001 [WARN] ModelIntegratedComponent:63 - No mode defined for component null
2026-03-30 00:18:27,001 [WARN] ModelIntegratedComponent:63 - No mode defined for component null
2026-03-30 00:18:27,001 [WARN] ModelIntegratedComponent:63 - No mode defined for component null
2026-03-30 00:18:27,001 [WARN] ModelIntegratedComponent:63 - No mode defined for component null
2026-03-30 00:18:27,001 [WARN] ModelIntegratedComponent:63 - No mode defined for component null
2026-03-30 00:18:27,001 [WARN] ModelIntegratedComponent:63 - No mode defined for component null
2026-03-30 00:18:27,001 [WARN] ModelIntegratedComponent:63 - No mode defined for component null
2026-03-30 00:18:27,001 [WARN] ModelIntegratedComponent:63 - No mode defined for component null
2026-03-30 00:18:27,001 [WARN] ModelIntegratedComponent:63 - No mode defined for component null
2026-03-30 00:18:27,001 [WARN] ModelIntegratedComponent:63 - No mode defined for component null
2026-03-30 00:18:27,001 [WARN] ModelIntegratedComponent:63 - No mode defined for component null
2026-03-30 00:18:27,002 [WARN] ModelIntegratedComponent:63 - No mode defined for component null
2026-03-30 00:18:27,002 [WARN] ModelIntegratedComponent:63 - No mode defined for component null
2026-03-30 00:18:27,002 [WARN] ModelIntegratedComponent:63 - No mode defined for component null
2026-03-30 00:18:27,002 [WARN] ModelIntegratedComponent:63 - No mode defined for component null
2026-03-30 00:18:27,002 [WARN] ModelIntegratedComponent:63 - No mode defined for component null
2026-03-30 00:18:27,002 [WARN] ModelIntegratedComponent:63 - No mode defined for component null
2026-03-30 00:18:27,002 [WARN] ModelIntegratedComponent:63 - No mode defined for component null
2026-03-30 00:18:27,002 [WARN] ModelIntegratedComponent:63 - No mode defined for component null
2026-03-30 00:18:27,002 [WARN] ModelIntegratedComponent:63 - No mode defined for component null
2026-03-30 00:18:27,002 [WARN] ModelIntegratedComponent:63 - No mode defined for component null
2026-03-30 00:18:27,002 [WARN] ModelIntegratedComponent:63 - No mode defined for component null
2026-03-30 00:18:27,002 [WARN] ModelIntegratedComponent:63 - No mode defined for component null
2026-03-30 00:18:27,002 [WARN] ModelIntegratedComponent:63 - No mode defined for component null
2026-03-30 00:18:27,002 [WARN] ModelIntegratedComponent:63 - No mode defined for component null
2026-03-30 00:18:27,002 [WARN] ModelIntegratedComponent:63 - No mode defined for component null
2026-03-30 00:18:27,002 [WARN] ModelIntegratedComponent:63 - No mode defined for component null
2026-03-30 00:18:27,002 [WARN] ModelIntegratedComponent:63 - No mode defined for component null
2026-03-30 00:18:27,002 [WARN] ModelIntegratedComponent:63 - No mode defined for component null
2026-03-30 00:18:27,002 [WARN] ModelIntegratedComponent:63 - No mode defined for component null
2026-03-30 00:18:27,685 [INFO] ThirdPartyModel:298 - Start build external matchings
2026-03-30 00:18:32,389 [INFO] ThirdPartyModel:316 - End build external matchings
2026-03-30 00:18:32,486 [INFO] ImportTextPane:194 - (OptionalMessage_ERROR) IP (RCC) : Parameter (RTCHSEDivFreq_Value) has invalid value (4000000)
2026-03-30 00:18:32,978 [INFO] UtilMem:75 - End LoadConfig() Used Memory: 926697024 Bytes (1073741824)
2026-03-30 00:18:33,043 [INFO] MicroXplorer:468 - Change Database Path : 
2026-03-30 00:18:33,044 [INFO] MicroXplorer:498 - Change Database Version : DB.6.0.100
2026-03-30 00:18:33,045 [WARN] ThirdParty:833 - waiting for thirdparty lock release [change project]
2026-03-30 00:18:33,045 [INFO] ThirdParty:835 - entering critical section [change project]
2026-03-30 00:18:33,046 [INFO] ThirdParty:1030 - CMSIS Pack Vendor :STMicroelectronics X-CUBE-AZRTOS-H7 3.5.0
2026-03-30 00:18:33,046 [INFO] ThirdParty:1030 - CMSIS Pack Vendor :STMicroelectronics X-CUBE-PM33A1 1.0.0
2026-03-30 00:18:33,046 [INFO] ThirdParty:1030 - CMSIS Pack Vendor :STMicroelectronics USBPD 4.1
2026-03-30 00:18:33,046 [INFO] ThirdParty:1030 - CMSIS Pack Vendor :STMicroelectronics X-CUBE-GNSS1 6.0.0
2026-03-30 00:18:33,046 [INFO] ThirdParty:1030 - CMSIS Pack Vendor :STMicroelectronics USB_HOST 2.0.0
2026-03-30 00:18:33,046 [INFO] ThirdParty:1030 - CMSIS Pack Vendor :STMicroelectronics FP-SNS-MOTENVWB1 1.4.0
2026-03-30 00:18:33,046 [INFO] ThirdParty:1030 - CMSIS Pack Vendor :STMicroelectronics X-CUBE-AZRTOS-F4 1.1.0
2026-03-30 00:18:33,046 [INFO] ThirdParty:1030 - CMSIS Pack Vendor :STMicroelectronics LIBJPEG 8.0.0
2026-03-30 00:18:33,046 [INFO] ThirdParty:1030 - CMSIS Pack Vendor :STMicroelectronics FP-ATR-ASTRA1 2.0.2
2026-03-30 00:18:33,046 [INFO] ThirdParty:1030 - CMSIS Pack Vendor :STMicroelectronics FP-ATR-ASTRA1 2.0.1
2026-03-30 00:18:33,046 [INFO] ThirdParty:1030 - CMSIS Pack Vendor :STMicroelectronics X-CUBE-SMBUS 2.1.0
2026-03-30 00:18:33,046 [INFO] ThirdParty:1030 - CMSIS Pack Vendor :STMicroelectronics X-CUBE-WB05N 1.1.0
2026-03-30 00:18:33,046 [INFO] ThirdParty:1030 - CMSIS Pack Vendor :STMicroelectronics X-CUBE-ISPU 2.1.0
2026-03-30 00:18:33,046 [INFO] ThirdParty:1030 - CMSIS Pack Vendor :STMicroelectronics X-CUBE-FREERTOS 1.2.0
2026-03-30 00:18:33,046 [INFO] ThirdParty:1030 - CMSIS Pack Vendor :STMicroelectronics X-CUBE-TOUCHGFX 4.23.1
2026-03-30 00:18:33,046 [INFO] ThirdParty:1030 - CMSIS Pack Vendor :STMicroelectronics X-CUBE-NFC12 1.0.0
2026-03-30 00:18:33,046 [INFO] ThirdParty:1030 - CMSIS Pack Vendor :STMicroelectronics X-CUBE-AZRTOS-F7 1.1.0
2026-03-30 00:18:33,046 [INFO] ThirdParty:1030 - CMSIS Pack Vendor :STMicroelectronics X-CUBE-AZRTOS-L5 2.0.0
2026-03-30 00:18:33,046 [INFO] ThirdParty:1030 - CMSIS Pack Vendor :STMicroelectronics USB_DEVICE 2.0.0
2026-03-30 00:18:33,046 [INFO] ThirdParty:1030 - CMSIS Pack Vendor :STMicroelectronics X-CUBE-NFC6 3.1.0
2026-03-30 00:18:33,046 [INFO] ThirdParty:1030 - CMSIS Pack Vendor :STMicroelectronics FP-SNS-MOTENV1 4.3.2
2026-03-30 00:18:33,046 [INFO] ThirdParty:1030 - CMSIS Pack Vendor :STMicroelectronics X-CUBE-MEMS1 11.0.0
2026-03-30 00:18:33,046 [INFO] ThirdParty:1030 - CMSIS Pack Vendor :STMicroelectronics FreeRTOS 0.0.1
2026-03-30 00:18:33,047 [INFO] ThirdParty:1030 - CMSIS Pack Vendor :STMicroelectronics X-CUBE-DPower 1.2.0
2026-03-30 00:18:33,047 [INFO] ThirdParty:1030 - CMSIS Pack Vendor :STMicroelectronics FP-SNS-FLIGHT1 5.0.2
2026-03-30 00:18:33,047 [INFO] ThirdParty:1030 - CMSIS Pack Vendor :STMicroelectronics X-CUBE-AI 9.0.0
2026-03-30 00:18:33,047 [INFO] ThirdParty:1030 - CMSIS Pack Vendor :STMicroelectronics PDM2PCM 3.3.0
2026-03-30 00:18:33,047 [INFO] ThirdParty:1030 - CMSIS Pack Vendor :STMicroelectronics X-CUBE-AZRTOS-H7 3.4.0
2026-03-30 00:18:33,047 [INFO] ThirdParty:1030 - CMSIS Pack Vendor :STMicroelectronics X-CUBE-DISPLAY 3.0.0
2026-03-30 00:18:33,047 [INFO] ThirdParty:1030 - CMSIS Pack Vendor :STMicroelectronics X-CUBE-BLE1 7.0.0
2026-03-30 00:18:33,047 [INFO] ThirdParty:1030 - CMSIS Pack Vendor :STMicroelectronics X-CUBE-NFC10 1.0.0
2026-03-30 00:18:33,047 [INFO] ThirdParty:1030 - CMSIS Pack Vendor :STMicroelectronics X-CUBE-BLEMGR 4.0.0
2026-03-30 00:18:33,047 [INFO] ThirdParty:1030 - CMSIS Pack Vendor :STMicroelectronics X-CUBE-FREERTOS 1.3.1
2026-03-30 00:18:33,047 [INFO] ThirdParty:1030 - CMSIS Pack Vendor :STMicroelectronics HAL Drivers 0.0.0
2026-03-30 00:18:33,047 [INFO] ThirdParty:1030 - CMSIS Pack Vendor :emotas I-CUBE-CANOPEN 1.3.0
2026-03-30 00:18:33,047 [INFO] ThirdParty:1030 - CMSIS Pack Vendor :STMicroelectronics X-CUBE-FREERTOS 1.3.0
2026-03-30 00:18:33,047 [INFO] ThirdParty:1030 - CMSIS Pack Vendor :STMicroelectronics X-CUBE-NFC7 1.0.1
2026-03-30 00:18:33,047 [INFO] ThirdParty:1030 - CMSIS Pack Vendor :STMicroelectronics MBEDTLS 2.14.1
2026-03-30 00:18:33,047 [INFO] ThirdParty:1030 - CMSIS Pack Vendor :STMicroelectronics X-CUBE-GNSS1 7.1.0
2026-03-30 00:18:33,047 [INFO] ThirdParty:1030 - CMSIS Pack Vendor :STMicroelectronics X-CUBE-TOUCHGFX 4.26.0
2026-03-30 00:18:33,047 [INFO] ThirdParty:1030 - CMSIS Pack Vendor :STMicroelectronics X-CUBE-TOUCHGFX 4.26.1
2026-03-30 00:18:33,047 [INFO] ThirdParty:1030 - CMSIS Pack Vendor :STMicroelectronics X-CUBE-BLEMGR 3.1.0
2026-03-30 00:18:33,047 [INFO] ThirdParty:1030 - CMSIS Pack Vendor :STMicroelectronics X-CUBE-AI 10.0.0
2026-03-30 00:18:33,047 [INFO] ThirdParty:1030 - CMSIS Pack Vendor :STMicroelectronics FP-SNS-SMARTAG2 1.2.0
2026-03-30 00:18:33,049 [INFO] ThirdParty:1030 - CMSIS Pack Vendor :STMicroelectronics X-CUBE-MEMS1 11.1.0
2026-03-30 00:18:33,049 [INFO] ThirdParty:1030 - CMSIS Pack Vendor :STMicroelectronics X-CUBE-AZRTOS-WL 2.0.0
2026-03-30 00:18:33,049 [INFO] ThirdParty:1030 - CMSIS Pack Vendor :STMicroelectronics X-CUBE-DPower 1.3.0
2026-03-30 00:18:33,049 [INFO] ThirdParty:1030 - CMSIS Pack Vendor :STMicroelectronics FP-SNS-MOTENV1 5.0.0
2026-03-30 00:18:33,049 [INFO] ThirdParty:1030 - CMSIS Pack Vendor :STMicroelectronics USB_DEVICE 1.0.0
2026-03-30 00:18:33,049 [INFO] ThirdParty:1030 - CMSIS Pack Vendor :STMicroelectronics X-CUBE-AZRTOS-H7RS 1.2.0
2026-03-30 00:18:33,049 [INFO] ThirdParty:1030 - CMSIS Pack Vendor :STMicroelectronics X-CUBE-AI 8.1.0
2026-03-30 00:18:33,049 [INFO] ThirdParty:1030 - CMSIS Pack Vendor :wolfSSL I-CUBE-wolfMQTT 1.19.0
2026-03-30 00:18:33,049 [INFO] ThirdParty:1030 - CMSIS Pack Vendor :STMicroelectronics X-CUBE-AZRTOS-L4 2.0.0
2026-03-30 00:18:33,049 [INFO] ThirdParty:1030 - CMSIS Pack Vendor :STMicroelectronics ThreadX 0.0.2
2026-03-30 00:18:33,049 [INFO] ThirdParty:1030 - CMSIS Pack Vendor :WES I-CUBE-Cesium 1.3.0
2026-03-30 00:18:33,049 [INFO] ThirdParty:1030 - CMSIS Pack Vendor :STMicroelectronics lwIP 2.1.2
2026-03-30 00:18:33,049 [INFO] ThirdParty:1030 - CMSIS Pack Vendor :STMicroelectronics X-CUBE-SFXS2LP1 4.0.0
2026-03-30 00:18:33,049 [INFO] ThirdParty:1030 - CMSIS Pack Vendor :STMicroelectronics X-CUBE-BLE2 3.3.0
2026-03-30 00:18:33,049 [INFO] ThirdParty:1030 - CMSIS Pack Vendor :STMicroelectronics PDM2PCM 3.2.0
2026-03-30 00:18:33,049 [INFO] ThirdParty:1030 - CMSIS Pack Vendor :STMicroelectronics X-CUBE-AZRTOS-H7 3.3.0
2026-03-30 00:18:33,049 [INFO] ThirdParty:1030 - CMSIS Pack Vendor :STMicroelectronics X-CUBE-NFC9 1.0.0
2026-03-30 00:18:33,049 [INFO] ThirdParty:1030 - CMSIS Pack Vendor :STMicroelectronics X-CUBE-BLE1 7.1.0
2026-03-30 00:18:33,049 [INFO] ThirdParty:1030 - CMSIS Pack Vendor :STMicroelectronics USB_DEVICE 3.0.0
2026-03-30 00:18:33,049 [INFO] ThirdParty:1030 - CMSIS Pack Vendor :STMicroelectronics X-CUBE-TCPP 4.1.0
2026-03-30 00:18:33,049 [INFO] ThirdParty:1030 - CMSIS Pack Vendor :STMicroelectronics X-CUBE-EEPRMA1 5.2.0
2026-03-30 00:18:33,049 [INFO] ThirdParty:1030 - CMSIS Pack Vendor :STMicroelectronics X-CUBE-IPS 3.0.0
2026-03-30 00:18:33,049 [INFO] ThirdParty:1030 - CMSIS Pack Vendor :STMicroelectronics X-CUBE-AZRTOS-WB 2.0.0
2026-03-30 00:18:33,049 [INFO] ThirdParty:1030 - CMSIS Pack Vendor :STMicroelectronics X-CUBE-GNSS1 7.0.0
2026-03-30 00:18:33,049 [INFO] ThirdParty:1030 - CMSIS Pack Vendor :STMicroelectronics X-CUBE-GNSS1 7.0.1
2026-03-30 00:18:33,049 [INFO] ThirdParty:1030 - CMSIS Pack Vendor :STMicroelectronics X-CUBE-TOUCHGFX 4.25.0
2026-03-30 00:18:33,049 [INFO] ThirdParty:1030 - CMSIS Pack Vendor :STMicroelectronics FP-SNS-STBOX1 2.0.0
2026-03-30 00:18:33,049 [INFO] ThirdParty:1030 - CMSIS Pack Vendor :STMicroelectronics X-CUBE-MEMS1 12.0.0
2026-03-30 00:18:33,049 [INFO] ThirdParty:1030 - CMSIS Pack Vendor :STMicroelectronics X-CUBE-ALGOBUILD 1.3.0
2026-03-30 00:18:33,049 [INFO] ThirdParty:1030 - CMSIS Pack Vendor :STMicroelectronics X-CUBE-STSE01 2.0.0
2026-03-30 00:18:33,049 [INFO] ThirdParty:1030 - CMSIS Pack Vendor :STMicroelectronics X-CUBE-MEMS1 11.2.0
2026-03-30 00:18:33,049 [INFO] ThirdParty:1030 - CMSIS Pack Vendor :STMicroelectronics X-CUBE-AZRTOS-G0 1.1.0
2026-03-30 00:18:33,049 [INFO] ThirdParty:1030 - CMSIS Pack Vendor :STMicroelectronics X-CUBE-SAFEA1 1.2.2
2026-03-30 00:18:33,049 [INFO] ThirdParty:1030 - CMSIS Pack Vendor :STMicroelectronics X-CUBE-NFC4 3.0.0
2026-03-30 00:18:33,049 [INFO] ThirdParty:1030 - CMSIS Pack Vendor :STMicroelectronics X-CUBE-SUBG2 5.0.0
2026-03-30 00:18:33,049 [INFO] ThirdParty:1030 - CMSIS Pack Vendor :STMicroelectronics X-CUBE-AZRTOS-H7RS 1.1.0
2026-03-30 00:18:33,049 [INFO] ThirdParty:1030 - CMSIS Pack Vendor :STMicroelectronics STM32_WPAN 1.0.0
2026-03-30 00:18:33,050 [INFO] ThirdParty:1030 - CMSIS Pack Vendor :EmbeddedOffice I-CUBE-FS-RTOS 1.0.1
2026-03-30 00:18:33,050 [INFO] ThirdParty:1030 - CMSIS Pack Vendor :STMicroelectronics lwIP 2.0.3
2026-03-30 00:18:33,050 [INFO] ThirdParty:1030 - CMSIS Pack Vendor :Cesanta I-CUBE-Mongoose 7.13.0
2026-03-30 00:18:33,050 [INFO] ThirdParty:1030 - CMSIS Pack Vendor :STMicroelectronics USB_HOST 1.0.0
2026-03-30 00:18:33,050 [INFO] ThirdParty:1030 - CMSIS Pack Vendor :STMicroelectronics X-CUBE-AZRTOS-G4 2.0.0
2026-03-30 00:18:33,050 [INFO] ThirdParty:1030 - CMSIS Pack Vendor :STMicroelectronics X-CUBE-WB05N 2.0.0
2026-03-30 00:18:33,050 [INFO] ThirdParty:1030 - CMSIS Pack Vendor :STMicroelectronics PDM2PCM 3.1.0
2026-03-30 00:18:33,050 [INFO] ThirdParty:1030 - CMSIS Pack Vendor :STMicroelectronics X-CUBE-BLEMGR 3.0.0
2026-03-30 00:18:33,050 [INFO] ThirdParty:1030 - CMSIS Pack Vendor :STMicroelectronics X-CUBE-NFC7 2.0.0
2026-03-30 00:18:33,050 [INFO] ThirdParty:1030 - CMSIS Pack Vendor :RealThread X-CUBE-RT-Thread_Nano 4.1.1
2026-03-30 00:18:33,050 [INFO] ThirdParty:1030 - CMSIS Pack Vendor :wolfSSL I-CUBE-wolfSSL 5.7.0
2026-03-30 00:18:33,050 [INFO] ThirdParty:1030 - CMSIS Pack Vendor :STMicroelectronics FP-SNS-MOTENVWB1 1.3.1
2026-03-30 00:18:33,050 [INFO] ThirdParty:1030 - CMSIS Pack Vendor :STMicroelectronics FP-ATR-SIGFOX1 3.2.0
2026-03-30 00:18:33,050 [INFO] ThirdParty:1030 - CMSIS Pack Vendor :quantropi X-CUBE-qispace-sdk-base 1.9.3
2026-03-30 00:18:33,050 [INFO] ThirdParty:1030 - CMSIS Pack Vendor :STMicroelectronics X-CUBE-ISPU 2.0.0
2026-03-30 00:18:33,050 [INFO] ThirdParty:1030 - CMSIS Pack Vendor :STMicroelectronics X-CUBE-EEPRMA1 5.1.0
2026-03-30 00:18:33,050 [INFO] ThirdParty:1030 - CMSIS Pack Vendor :STMicroelectronics MBEDTLS 2.16.2
2026-03-30 00:18:33,050 [INFO] ThirdParty:1030 - CMSIS Pack Vendor :STMicroelectronics X-CUBE-ALS 1.0.2
2026-03-30 00:18:33,050 [INFO] ThirdParty:1030 - CMSIS Pack Vendor :STMicroelectronics X-CUBE-MEMS1 10.0.0
2026-03-30 00:18:33,050 [INFO] ThirdParty:1030 - CMSIS Pack Vendor :STMicroelectronics X-CUBE-FREERTOS 1.1.0
2026-03-30 00:18:33,050 [INFO] ThirdParty:1030 - CMSIS Pack Vendor :STMicroelectronics X-CUBE-TOUCHGFX 4.24.0
2026-03-30 00:18:33,050 [INFO] ThirdParty:1030 - CMSIS Pack Vendor :ITTIA_DB I-CUBE-ITTIADB 8.9.0
2026-03-30 00:18:33,050 [INFO] ThirdParty:1030 - CMSIS Pack Vendor :STMicroelectronics X-CUBE-TOUCHGFX 4.24.2
2026-03-30 00:18:33,050 [INFO] ThirdParty:1030 - CMSIS Pack Vendor :STMicroelectronics X-CUBE-TOUCHGFX 4.24.1
2026-03-30 00:18:33,050 [INFO] ThirdParty:1030 - CMSIS Pack Vendor :STMicroelectronics X-CUBE-STSE01 1.0.0
2026-03-30 00:18:33,050 [INFO] ThirdParty:1030 - CMSIS Pack Vendor :wolfSSL I-CUBE-wolfTPM 3.4.0
2026-03-30 00:18:33,050 [INFO] ThirdParty:1030 - CMSIS Pack Vendor :portGmbH I-Cube-SoM-uGOAL 1.1.0
2026-03-30 00:18:33,050 [INFO] ThirdParty:1030 - CMSIS Pack Vendor :STMicroelectronics X-CUBE-ALS 1.0.1
2026-03-30 00:18:33,050 [INFO] ThirdParty:1030 - CMSIS Pack Vendor :STMicroelectronics X-CUBE-NFC6 3.2.0
2026-03-30 00:18:33,050 [INFO] ThirdParty:1030 - CMSIS Pack Vendor :STMicroelectronics X-CUBE-AI 10.2.0
2026-03-30 00:18:33,050 [INFO] ThirdParty:1030 - CMSIS Pack Vendor :STMicroelectronics ThreadX 1.0.0
2026-03-30 00:18:33,050 [INFO] ThirdParty:1030 - CMSIS Pack Vendor :SEGGER I-CUBE-embOS 1.3.1
2026-03-30 00:18:33,050 [INFO] ThirdParty:1030 - CMSIS Pack Vendor :STMicroelectronics X-CUBE-ALGOBUILD 1.4.0
2026-03-30 00:18:33,050 [INFO] ThirdParty:1030 - CMSIS Pack Vendor :STMicroelectronics X-CUBE-MEMS1 11.3.0
2026-03-30 00:18:33,050 [INFO] ThirdParty:1030 - CMSIS Pack Vendor :STMicroelectronics X-CUBE-AZRTOS-H7RS 1.0.0
2026-03-30 00:18:33,050 [INFO] ThirdParty:1030 - CMSIS Pack Vendor :STMicroelectronics FP-ATR-ASTRA1 2.0.0
2026-03-30 00:18:33,050 [INFO] ThirdParty:1030 - CMSIS Pack Vendor :STMicroelectronics X-CUBE-TOF1 3.4.2
2026-03-30 00:18:33,050 [INFO] ThirdParty:1030 - CMSIS Pack Vendor :STMicroelectronics X-CUBE-AI 9.1.0
2026-03-30 00:18:33,050 [INFO] ThirdParty:1030 - CMSIS Pack Vendor :STMicroelectronics X-CUBE-TOF1 3.4.1
2026-03-30 00:18:33,050 [INFO] ThirdParty:1030 - CMSIS Pack Vendor :STMicroelectronics X-CUBE-AZRTOS-H7 3.2.0
2026-03-30 00:18:33,051 [INFO] ThirdParty:1030 - CMSIS Pack Vendor :Infineon AIROC-Wi-Fi-Bluetooth-STM32 1.6.0
2026-03-30 00:18:33,051 [INFO] ThirdParty:1030 - CMSIS Pack Vendor :wolfSSL I-CUBE-wolfSSH 1.4.17
2026-03-30 00:18:33,051 [INFO] ThirdParty:841 - exiting critical section [change project]
2026-03-30 00:18:33,427 [INFO] PinOutPanel:1499 - setPackage(No Configuration,No Configuration)
2026-03-30 00:18:33,429 [INFO] PinOutPanel:1499 - setPackage(STM32F407VGTx,LQFP100)
2026-03-30 00:18:33,869 [INFO] UtilMem:75 - Before build in PCC Used Memory: 941783768 Bytes (1073741824)
2026-03-30 00:18:34,370 [INFO] UtilMem:75 - After build in PCC Used Memory: 813246696 Bytes (1073741824)
2026-03-30 00:18:34,375 [INFO] ApiDbMcu:508 - Load IP Config File for USB_HOST
2026-03-30 00:18:34,376 [INFO] Middleware:617 - instanceName : USB_HOST bspName : Drive_VBUS_FS check condition success for : SW_VBUS_DRIVE_AUDIO_FS = false
2026-03-30 00:18:34,376 [INFO] Middleware:617 - instanceName : USB_HOST bspName : Drive_VBUS_FS check condition success for : SW_VBUS_DRIVE_AUDIO_FS = false
2026-03-30 00:18:34,376 [INFO] Middleware:617 - instanceName : USB_HOST bspName : Drive_VBUS_HS check condition success for : SW_VBUS_DRIVE_AUDIO_HS = false
2026-03-30 00:18:34,376 [INFO] Middleware:617 - instanceName : USB_HOST bspName : Drive_VBUS_HS check condition success for : SW_VBUS_DRIVE_AUDIO_HS = false
2026-03-30 00:18:34,376 [INFO] Middleware:617 - instanceName : USB_HOST bspName : Drive_VBUS_FS check condition success for : SW_VBUS_DRIVE_CDC_FS = false
2026-03-30 00:18:34,376 [INFO] Middleware:617 - instanceName : USB_HOST bspName : Drive_VBUS_FS check condition success for : SW_VBUS_DRIVE_CDC_FS = false
2026-03-30 00:18:34,376 [INFO] Middleware:617 - instanceName : USB_HOST bspName : Drive_VBUS_FS check condition success for : SW_VBUS_DRIVE_CDC_FS = false
2026-03-30 00:18:34,376 [INFO] Middleware:617 - instanceName : USB_HOST bspName : Drive_VBUS_HS check condition success for : SW_VBUS_DRIVE_CDC_HS = false
2026-03-30 00:18:34,376 [INFO] Middleware:617 - instanceName : USB_HOST bspName : Drive_VBUS_HS check condition success for : SW_VBUS_DRIVE_CDC_HS = false
2026-03-30 00:18:34,376 [INFO] Middleware:617 - instanceName : USB_HOST bspName : Drive_VBUS_FS check condition success for : SW_VBUS_DRIVE_HID_FS = false
2026-03-30 00:18:34,376 [INFO] Middleware:617 - instanceName : USB_HOST bspName : Drive_VBUS_FS check condition success for : SW_VBUS_DRIVE_HID_FS = false
2026-03-30 00:18:34,376 [INFO] Middleware:617 - instanceName : USB_HOST bspName : Drive_VBUS_HS check condition success for : SW_VBUS_DRIVE_HID_HS = false
2026-03-30 00:18:34,376 [INFO] Middleware:617 - instanceName : USB_HOST bspName : Drive_VBUS_HS check condition success for : SW_VBUS_DRIVE_HID_HS = false
2026-03-30 00:18:34,376 [INFO] Middleware:617 - instanceName : USB_HOST bspName : Drive_VBUS_FS check condition success for : SW_VBUS_DRIVE_MSC_FS = false
2026-03-30 00:18:34,376 [INFO] Middleware:617 - instanceName : USB_HOST bspName : Drive_VBUS_FS check condition success for : SW_VBUS_DRIVE_MSC_FS = false
2026-03-30 00:18:34,376 [INFO] Middleware:617 - instanceName : USB_HOST bspName : Drive_VBUS_HS check condition success for : SW_VBUS_DRIVE_MSC_HS = false
2026-03-30 00:18:34,376 [INFO] Middleware:617 - instanceName : USB_HOST bspName : Drive_VBUS_HS check condition success for : SW_VBUS_DRIVE_MSC_HS = false
2026-03-30 00:18:34,376 [INFO] Middleware:617 - instanceName : USB_HOST bspName : Drive_VBUS_FS check condition success for : ALL_SW_VBUS_DRIVE_FS = false
2026-03-30 00:18:34,376 [INFO] Middleware:617 - instanceName : USB_HOST bspName : Drive_VBUS_FS check condition success for : ALL_SW_VBUS_DRIVE_FS = false
2026-03-30 00:18:34,376 [INFO] Middleware:617 - instanceName : USB_HOST bspName : Drive_VBUS_HS check condition success for : ALL_SW_VBUS_DRIVE_HS = false
2026-03-30 00:18:34,376 [INFO] Middleware:617 - instanceName : USB_HOST bspName : Drive_VBUS_HS check condition success for : ALL_SW_VBUS_DRIVE_HS = false
2026-03-30 00:18:34,376 [INFO] Middleware:617 - instanceName : USB_HOST bspName : Drive_VBUS_FS check condition success for : SW_VBUS_DRIVE_MTP_FS = false
2026-03-30 00:18:34,376 [INFO] Middleware:617 - instanceName : USB_HOST bspName : Drive_VBUS_FS check condition success for : SW_VBUS_DRIVE_MTP_FS = false
2026-03-30 00:18:34,376 [INFO] Middleware:617 - instanceName : USB_HOST bspName : Drive_VBUS_HS check condition success for : SW_VBUS_DRIVE_MTP_HS = false
2026-03-30 00:18:34,376 [INFO] Middleware:617 - instanceName : USB_HOST bspName : Drive_VBUS_HS check condition success for : SW_VBUS_DRIVE_MTP_HS = false
2026-03-30 00:18:34,377 [WARN] BspModel:444 - BSP dependency skipped because of component: name='IOExpander', api='Unknown'
2026-03-30 00:18:34,410 [INFO] IPUIPlugin:80 - create IPUIPlugin
2026-03-30 00:18:34,410 [INFO] IPUIPlugin:80 - create IPUIPlugin
2026-03-30 00:18:34,410 [INFO] IPUIPlugin:80 - create IPUIPlugin
2026-03-30 00:18:34,410 [INFO] IPUIPlugin:80 - create IPUIPlugin
2026-03-30 00:18:34,410 [INFO] IPUIPlugin:80 - create IPUIPlugin
2026-03-30 00:18:34,410 [INFO] IPUIPlugin:80 - create IPUIPlugin
2026-03-30 00:18:34,411 [INFO] IPUIPlugin:80 - create IPUIPlugin
2026-03-30 00:18:34,411 [INFO] IPUIPlugin:80 - create IPUIPlugin
2026-03-30 00:18:34,411 [INFO] IPUIPlugin:80 - create IPUIPlugin
2026-03-30 00:18:34,411 [INFO] IPUIPlugin:80 - create IPUIPlugin
2026-03-30 00:18:34,411 [INFO] IPUIPlugin:80 - create IPUIPlugin
2026-03-30 00:18:34,411 [INFO] IPUIPlugin:80 - create IPUIPlugin
2026-03-30 00:18:34,412 [INFO] IPUIPlugin:80 - create IPUIPlugin
2026-03-30 00:18:34,412 [INFO] IPUIPlugin:80 - create IPUIPlugin
2026-03-30 00:18:34,412 [INFO] IPUIPlugin:80 - create IPUIPlugin
2026-03-30 00:18:34,412 [INFO] IPUIPlugin:80 - create IPUIPlugin
2026-03-30 00:18:34,413 [INFO] IPUIPlugin:80 - create IPUIPlugin
2026-03-30 00:18:34,413 [INFO] IPUIPlugin:80 - create IPUIPlugin
2026-03-30 00:18:34,413 [INFO] IPUIPlugin:80 - create IPUIPlugin
2026-03-30 00:18:34,413 [INFO] IPUIPlugin:80 - create IPUIPlugin
2026-03-30 00:18:34,414 [INFO] IPUIPlugin:80 - create IPUIPlugin
2026-03-30 00:18:34,414 [INFO] IPUIPlugin:80 - create IPUIPlugin
2026-03-30 00:18:34,414 [INFO] IPUIPlugin:80 - create IPUIPlugin
2026-03-30 00:18:34,416 [INFO] IPUIPlugin:80 - create IPUIPlugin
2026-03-30 00:18:34,416 [INFO] IPUIPlugin:80 - create IPUIPlugin
2026-03-30 00:18:34,416 [INFO] IPUIPlugin:80 - create IPUIPlugin
2026-03-30 00:18:34,416 [INFO] IPUIPlugin:80 - create IPUIPlugin
2026-03-30 00:18:34,417 [INFO] IPUIPlugin:80 - create IPUIPlugin
2026-03-30 00:18:34,417 [INFO] IPUIPlugin:80 - create IPUIPlugin
2026-03-30 00:18:34,417 [INFO] IPUIPlugin:80 - create IPUIPlugin
2026-03-30 00:18:34,417 [INFO] IPUIPlugin:80 - create IPUIPlugin
2026-03-30 00:18:34,418 [INFO] IPUIPlugin:80 - create IPUIPlugin
2026-03-30 00:18:34,418 [INFO] IPUIPlugin:80 - create IPUIPlugin
2026-03-30 00:18:34,418 [INFO] IPUIPlugin:80 - create IPUIPlugin
2026-03-30 00:18:34,418 [INFO] IPUIPlugin:80 - create IPUIPlugin
2026-03-30 00:18:34,418 [INFO] IPUIPlugin:80 - create IPUIPlugin
2026-03-30 00:18:34,419 [INFO] IPUIPlugin:80 - create IPUIPlugin
2026-03-30 00:18:34,419 [INFO] IPUIPlugin:80 - create IPUIPlugin
2026-03-30 00:18:34,419 [INFO] IPUIPlugin:80 - create IPUIPlugin
2026-03-30 00:18:34,419 [INFO] IPUIPlugin:80 - create IPUIPlugin
2026-03-30 00:18:34,419 [INFO] IPUIPlugin:80 - create IPUIPlugin
2026-03-30 00:18:34,420 [INFO] IPUIPlugin:80 - create IPUIPlugin
2026-03-30 00:18:34,420 [INFO] IPUIPlugin:80 - create IPUIPlugin
2026-03-30 00:18:34,420 [INFO] IPUIPlugin:80 - create IPUIPlugin
2026-03-30 00:18:34,420 [INFO] IPUIPlugin:80 - create IPUIPlugin
2026-03-30 00:18:34,421 [INFO] IPUIPlugin:80 - create IPUIPlugin
2026-03-30 00:18:34,421 [INFO] IPUIPlugin:80 - create IPUIPlugin
2026-03-30 00:18:34,421 [INFO] IPUIPlugin:80 - create IPUIPlugin
2026-03-30 00:18:34,422 [INFO] IPUIPlugin:80 - create IPUIPlugin
2026-03-30 00:18:34,422 [INFO] IPUIPlugin:80 - create IPUIPlugin
2026-03-30 00:18:34,423 [INFO] IPUIPlugin:80 - create IPUIPlugin
2026-03-30 00:18:34,423 [INFO] IPUIPlugin:80 - create IPUIPlugin
2026-03-30 00:18:34,424 [INFO] IPUIPlugin:80 - create IPUIPlugin
2026-03-30 00:18:34,424 [INFO] IPUIPlugin:80 - create IPUIPlugin
2026-03-30 00:18:34,424 [INFO] IPUIPlugin:80 - create IPUIPlugin
2026-03-30 00:18:34,425 [INFO] IPUIPlugin:80 - create IPUIPlugin
2026-03-30 00:18:34,426 [INFO] IPUIPlugin:80 - create IPUIPlugin
2026-03-30 00:18:34,426 [INFO] IPUIPlugin:80 - create IPUIPlugin
2026-03-30 00:18:34,431 [INFO] ApiDbMcu:508 - Load IP Config File for PDM2PCM
2026-03-30 00:18:34,432 [WARN] IP:2119 - I2C_Coeff_DF not found: check if there is a RefParameter without a condition.
2026-03-30 00:18:34,433 [WARN] IP:2119 - Analog_Filter not found: check if there is a RefParameter without a condition.
2026-03-30 00:18:34,436 [INFO] I2sManager:658 - 9.6E7
2026-03-30 00:18:34,436 [INFO] I2sManager:195 - I2S Clock Value : 9.6E7
2026-03-30 00:18:34,437 [INFO] I2sManager:553 - AudioClock : 93750Divider : 2Odd : 0
2026-03-30 00:18:34,549 [INFO] CADModel:165 - CPN selected for project levelSTM32F407VGT6
2026-03-30 00:18:34,549 [INFO] CADModel:114 - Register for checkConnection events
2026-03-30 00:18:34,615 [INFO] OpenFileManager:343 - Restore cursor
2026-03-30 00:18:34,643 [INFO] ApiDb:581 - Connected to CubeFinder SQLite database (C:\Users\sfkfa\.stmcufinder\plugins\mcufinder\mcu\cube-finder-db.db)
2026-03-30 00:18:35,139 [WARN] IP:2119 - I2C_Coeff_DF not found: check if there is a RefParameter without a condition.
2026-03-30 00:18:35,139 [WARN] IP:2119 - Analog_Filter not found: check if there is a RefParameter without a condition.
2026-03-30 00:18:35,139 [WARN] IP:2119 - I2C_Coeff_DF not found: check if there is a RefParameter without a condition.
2026-03-30 00:18:35,140 [WARN] IP:2119 - Analog_Filter not found: check if there is a RefParameter without a condition.
2026-03-30 00:18:35,159 [INFO] Middleware:617 - instanceName : USB_HOST bspName : Drive_VBUS_FS check condition success for : SW_VBUS_DRIVE_AUDIO_FS = false
2026-03-30 00:18:35,160 [INFO] Middleware:617 - instanceName : USB_HOST bspName : Drive_VBUS_FS check condition success for : SW_VBUS_DRIVE_AUDIO_FS = false
2026-03-30 00:18:35,160 [INFO] Middleware:617 - instanceName : USB_HOST bspName : Drive_VBUS_HS check condition success for : SW_VBUS_DRIVE_AUDIO_HS = false
2026-03-30 00:18:35,160 [INFO] Middleware:617 - instanceName : USB_HOST bspName : Drive_VBUS_HS check condition success for : SW_VBUS_DRIVE_AUDIO_HS = false
2026-03-30 00:18:35,160 [INFO] Middleware:617 - instanceName : USB_HOST bspName : Drive_VBUS_FS check condition success for : SW_VBUS_DRIVE_CDC_FS = false
2026-03-30 00:18:35,160 [INFO] Middleware:617 - instanceName : USB_HOST bspName : Drive_VBUS_FS check condition success for : SW_VBUS_DRIVE_CDC_FS = false
2026-03-30 00:18:35,160 [INFO] Middleware:617 - instanceName : USB_HOST bspName : Drive_VBUS_FS check condition success for : SW_VBUS_DRIVE_CDC_FS = false
2026-03-30 00:18:35,160 [INFO] Middleware:617 - instanceName : USB_HOST bspName : Drive_VBUS_HS check condition success for : SW_VBUS_DRIVE_CDC_HS = false
2026-03-30 00:18:35,160 [INFO] Middleware:617 - instanceName : USB_HOST bspName : Drive_VBUS_HS check condition success for : SW_VBUS_DRIVE_CDC_HS = false
2026-03-30 00:18:35,160 [INFO] Middleware:617 - instanceName : USB_HOST bspName : Drive_VBUS_FS check condition success for : SW_VBUS_DRIVE_HID_FS = false
2026-03-30 00:18:35,160 [INFO] Middleware:617 - instanceName : USB_HOST bspName : Drive_VBUS_FS check condition success for : SW_VBUS_DRIVE_HID_FS = false
2026-03-30 00:18:35,160 [INFO] Middleware:617 - instanceName : USB_HOST bspName : Drive_VBUS_HS check condition success for : SW_VBUS_DRIVE_HID_HS = false
2026-03-30 00:18:35,160 [INFO] Middleware:617 - instanceName : USB_HOST bspName : Drive_VBUS_HS check condition success for : SW_VBUS_DRIVE_HID_HS = false
2026-03-30 00:18:35,160 [INFO] Middleware:617 - instanceName : USB_HOST bspName : Drive_VBUS_FS check condition success for : SW_VBUS_DRIVE_MSC_FS = false
2026-03-30 00:18:35,160 [INFO] Middleware:617 - instanceName : USB_HOST bspName : Drive_VBUS_FS check condition success for : SW_VBUS_DRIVE_MSC_FS = false
2026-03-30 00:18:35,160 [INFO] Middleware:617 - instanceName : USB_HOST bspName : Drive_VBUS_HS check condition success for : SW_VBUS_DRIVE_MSC_HS = false
2026-03-30 00:18:35,160 [INFO] Middleware:617 - instanceName : USB_HOST bspName : Drive_VBUS_HS check condition success for : SW_VBUS_DRIVE_MSC_HS = false
2026-03-30 00:18:35,160 [INFO] Middleware:617 - instanceName : USB_HOST bspName : Drive_VBUS_FS check condition success for : ALL_SW_VBUS_DRIVE_FS = false
2026-03-30 00:18:35,160 [INFO] Middleware:617 - instanceName : USB_HOST bspName : Drive_VBUS_FS check condition success for : ALL_SW_VBUS_DRIVE_FS = false
2026-03-30 00:18:35,160 [INFO] Middleware:617 - instanceName : USB_HOST bspName : Drive_VBUS_HS check condition success for : ALL_SW_VBUS_DRIVE_HS = false
2026-03-30 00:18:35,160 [INFO] Middleware:617 - instanceName : USB_HOST bspName : Drive_VBUS_HS check condition success for : ALL_SW_VBUS_DRIVE_HS = false
2026-03-30 00:18:35,160 [INFO] Middleware:617 - instanceName : USB_HOST bspName : Drive_VBUS_FS check condition success for : SW_VBUS_DRIVE_MTP_FS = false
2026-03-30 00:18:35,160 [INFO] Middleware:617 - instanceName : USB_HOST bspName : Drive_VBUS_FS check condition success for : SW_VBUS_DRIVE_MTP_FS = false
2026-03-30 00:18:35,160 [INFO] Middleware:617 - instanceName : USB_HOST bspName : Drive_VBUS_HS check condition success for : SW_VBUS_DRIVE_MTP_HS = false
2026-03-30 00:18:35,160 [INFO] Middleware:617 - instanceName : USB_HOST bspName : Drive_VBUS_HS check condition success for : SW_VBUS_DRIVE_MTP_HS = false
2026-03-30 00:18:55,221 [INFO] Middleware:617 - instanceName : USB_HOST bspName : Drive_VBUS_FS check condition success for : SW_VBUS_DRIVE_AUDIO_FS = false
2026-03-30 00:18:55,221 [INFO] Middleware:617 - instanceName : USB_HOST bspName : Drive_VBUS_FS check condition success for : SW_VBUS_DRIVE_AUDIO_FS = false
2026-03-30 00:18:55,221 [INFO] Middleware:617 - instanceName : USB_HOST bspName : Drive_VBUS_HS check condition success for : SW_VBUS_DRIVE_AUDIO_HS = false
2026-03-30 00:18:55,221 [INFO] Middleware:617 - instanceName : USB_HOST bspName : Drive_VBUS_HS check condition success for : SW_VBUS_DRIVE_AUDIO_HS = false
2026-03-30 00:18:55,222 [INFO] Middleware:617 - instanceName : USB_HOST bspName : Drive_VBUS_FS check condition success for : SW_VBUS_DRIVE_CDC_FS = false
2026-03-30 00:18:55,222 [INFO] Middleware:617 - instanceName : USB_HOST bspName : Drive_VBUS_FS check condition success for : SW_VBUS_DRIVE_CDC_FS = false
2026-03-30 00:18:55,222 [INFO] Middleware:617 - instanceName : USB_HOST bspName : Drive_VBUS_FS check condition success for : SW_VBUS_DRIVE_CDC_FS = false
2026-03-30 00:18:55,222 [INFO] Middleware:617 - instanceName : USB_HOST bspName : Drive_VBUS_HS check condition success for : SW_VBUS_DRIVE_CDC_HS = false
2026-03-30 00:18:55,222 [INFO] Middleware:617 - instanceName : USB_HOST bspName : Drive_VBUS_HS check condition success for : SW_VBUS_DRIVE_CDC_HS = false
2026-03-30 00:18:55,222 [INFO] Middleware:617 - instanceName : USB_HOST bspName : Drive_VBUS_FS check condition success for : SW_VBUS_DRIVE_HID_FS = false
2026-03-30 00:18:55,222 [INFO] Middleware:617 - instanceName : USB_HOST bspName : Drive_VBUS_FS check condition success for : SW_VBUS_DRIVE_HID_FS = false
2026-03-30 00:18:55,222 [INFO] Middleware:617 - instanceName : USB_HOST bspName : Drive_VBUS_HS check condition success for : SW_VBUS_DRIVE_HID_HS = false
2026-03-30 00:18:55,222 [INFO] Middleware:617 - instanceName : USB_HOST bspName : Drive_VBUS_HS check condition success for : SW_VBUS_DRIVE_HID_HS = false
2026-03-30 00:18:55,222 [INFO] Middleware:617 - instanceName : USB_HOST bspName : Drive_VBUS_FS check condition success for : SW_VBUS_DRIVE_MSC_FS = false
2026-03-30 00:18:55,222 [INFO] Middleware:617 - instanceName : USB_HOST bspName : Drive_VBUS_FS check condition success for : SW_VBUS_DRIVE_MSC_FS = false
2026-03-30 00:18:55,222 [INFO] Middleware:617 - instanceName : USB_HOST bspName : Drive_VBUS_HS check condition success for : SW_VBUS_DRIVE_MSC_HS = false
2026-03-30 00:18:55,222 [INFO] Middleware:617 - instanceName : USB_HOST bspName : Drive_VBUS_HS check condition success for : SW_VBUS_DRIVE_MSC_HS = false
2026-03-30 00:18:55,222 [INFO] Middleware:617 - instanceName : USB_HOST bspName : Drive_VBUS_FS check condition success for : ALL_SW_VBUS_DRIVE_FS = false
2026-03-30 00:18:55,222 [INFO] Middleware:617 - instanceName : USB_HOST bspName : Drive_VBUS_FS check condition success for : ALL_SW_VBUS_DRIVE_FS = false
2026-03-30 00:18:55,222 [INFO] Middleware:617 - instanceName : USB_HOST bspName : Drive_VBUS_HS check condition success for : ALL_SW_VBUS_DRIVE_HS = false
2026-03-30 00:18:55,222 [INFO] Middleware:617 - instanceName : USB_HOST bspName : Drive_VBUS_HS check condition success for : ALL_SW_VBUS_DRIVE_HS = false
2026-03-30 00:18:55,222 [INFO] Middleware:617 - instanceName : USB_HOST bspName : Drive_VBUS_FS check condition success for : SW_VBUS_DRIVE_MTP_FS = false
2026-03-30 00:18:55,222 [INFO] Middleware:617 - instanceName : USB_HOST bspName : Drive_VBUS_FS check condition success for : SW_VBUS_DRIVE_MTP_FS = false
2026-03-30 00:18:55,223 [INFO] Middleware:617 - instanceName : USB_HOST bspName : Drive_VBUS_HS check condition success for : SW_VBUS_DRIVE_MTP_HS = false
2026-03-30 00:18:55,223 [INFO] Middleware:617 - instanceName : USB_HOST bspName : Drive_VBUS_HS check condition success for : SW_VBUS_DRIVE_MTP_HS = false
2026-03-30 00:18:55,223 [WARN] BspModel:444 - BSP dependency skipped because of component: name='IOExpander', api='Unknown'
2026-03-30 00:19:32,340 [INFO] UtilMem:75 - End SaveConfig() Used Memory: 906075312 Bytes (1073741824)
2026-03-30 00:19:34,352 [INFO] UtilMem:75 - End SaveConfig() Used Memory: 951690416 Bytes (1073741824)
2026-03-30 00:19:36,900 [INFO] UtilMem:75 - End SaveConfig() Used Memory: 786791144 Bytes (1073741824)
2026-03-30 00:19:37,349 [INFO] BlockDiagram:2759 - set Specific Code input for plugin: SPI
2026-03-30 00:19:37,350 [INFO] BlockDiagram:2759 - set Specific Code input for plugin: I2S
2026-03-30 00:19:37,350 [INFO] BlockDiagram:2759 - set Specific Code input for plugin: SYS
2026-03-30 00:19:37,350 [INFO] BlockDiagram:2759 - set Specific Code input for plugin: RCC
2026-03-30 00:19:37,350 [INFO] BlockDiagram:2759 - set Specific Code input for plugin: CRC
2026-03-30 00:19:37,350 [INFO] BlockDiagram:2759 - set Specific Code input for plugin: I2C
2026-03-30 00:19:37,350 [INFO] BlockDiagram:2759 - set Specific Code input for plugin: USB_OTG_FS
2026-03-30 00:19:37,350 [INFO] BlockDiagram:2759 - set Specific Code input for plugin: NVIC
2026-03-30 00:19:37,350 [INFO] BlockDiagram:2759 - set Specific Code input for plugin: USB_HOST
2026-03-30 00:19:37,351 [INFO] BlockDiagram:2759 - set Specific Code input for plugin: GPIO
2026-03-30 00:19:37,354 [INFO] CodeGenerator:807 - code generatio: config db path: C:\ST\STM32CubeIDE_1.14.0\STM32CubeIDE\plugins\com.st.stm32cube.common.mx_6.10.0.202311202037\\db\
2026-03-30 00:19:37,359 [WARN] IP:2119 - I2C_Coeff_DF not found: check if there is a RefParameter without a condition.
2026-03-30 00:19:37,359 [WARN] IP:2119 - Analog_Filter not found: check if there is a RefParameter without a condition.
2026-03-30 00:19:37,693 [INFO] CodeEngine:255 - oldGeneratedFile, D:\stm32_projects\STM32_Hobby_Projects\STM32_Bootloader\Stm32_Bootloader\MXTmpFiles\license.tmp_save
2026-03-30 00:19:38,018 [INFO] CodeEngine:279 - Generated code: D:\stm32_projects\STM32_Hobby_Projects\STM32_Bootloader\Stm32_Bootloader\MXTmpFiles\license.tmp
2026-03-30 00:19:38,115 [INFO] CodeEngine:255 - oldGeneratedFile, D:\stm32_projects\STM32_Hobby_Projects\STM32_Bootloader\Stm32_Bootloader\MXTmpFiles\gpio.tmp_save
2026-03-30 00:19:38,346 [INFO] CodeEngine:279 - Generated code: D:\stm32_projects\STM32_Hobby_Projects\STM32_Bootloader\Stm32_Bootloader\MXTmpFiles\gpio.tmp
2026-03-30 00:19:38,434 [WARN] IPConfigManager:2946 - Warning: the RefConfig PWREx_EnableUSBVoltageDetector is not available in your config.xml file
2026-03-30 00:19:38,450 [INFO] CodeEngine:255 - oldGeneratedFile, D:\stm32_projects\STM32_Hobby_Projects\STM32_Bootloader\Stm32_Bootloader\MXTmpFiles\usb_otg_fs_vars.tmp_save
2026-03-30 00:19:38,651 [INFO] CodeEngine:279 - Generated code: D:\stm32_projects\STM32_Hobby_Projects\STM32_Bootloader\Stm32_Bootloader\MXTmpFiles\usb_otg_fs_vars.tmp
2026-03-30 00:19:38,663 [INFO] CodeEngine:255 - oldGeneratedFile, D:\stm32_projects\STM32_Hobby_Projects\STM32_Bootloader\Stm32_Bootloader\MXTmpFiles\usb_otg_fs_inc.tmp_save
2026-03-30 00:19:38,777 [INFO] CodeEngine:279 - Generated code: D:\stm32_projects\STM32_Hobby_Projects\STM32_Bootloader\Stm32_Bootloader\MXTmpFiles\usb_otg_fs_inc.tmp
2026-03-30 00:19:38,788 [INFO] CodeEngine:255 - oldGeneratedFile, D:\stm32_projects\STM32_Hobby_Projects\STM32_Bootloader\Stm32_Bootloader\MXTmpFiles\usb_otg_fs_HalInit.tmp_save
2026-03-30 00:19:38,970 [INFO] CodeEngine:279 - Generated code: D:\stm32_projects\STM32_Hobby_Projects\STM32_Bootloader\Stm32_Bootloader\MXTmpFiles\usb_otg_fs_HalInit.tmp
2026-03-30 00:19:38,981 [INFO] CodeEngine:255 - oldGeneratedFile, D:\stm32_projects\STM32_Hobby_Projects\STM32_Bootloader\Stm32_Bootloader\MXTmpFiles\usb_otg_fs_Msp.tmp_save
2026-03-30 00:19:39,124 [INFO] CodeEngine:279 - Generated code: D:\stm32_projects\STM32_Hobby_Projects\STM32_Bootloader\Stm32_Bootloader\MXTmpFiles\usb_otg_fs_Msp.tmp
2026-03-30 00:19:39,560 [INFO] CodeEngine:255 - oldGeneratedFile, D:\stm32_projects\STM32_Hobby_Projects\STM32_Bootloader\Stm32_Bootloader\USB_HOST\App\usb_host.c_save
2026-03-30 00:19:39,709 [INFO] CodeEngine:279 - Generated code: D:\stm32_projects\STM32_Hobby_Projects\STM32_Bootloader\Stm32_Bootloader\USB_HOST\App\usb_host.c
2026-03-30 00:19:39,727 [INFO] CodeEngine:255 - oldGeneratedFile, D:\stm32_projects\STM32_Hobby_Projects\STM32_Bootloader\Stm32_Bootloader\USB_HOST\App\usb_host.h_save
2026-03-30 00:19:39,856 [INFO] CodeEngine:279 - Generated code: D:\stm32_projects\STM32_Hobby_Projects\STM32_Bootloader\Stm32_Bootloader\USB_HOST\App\usb_host.h
2026-03-30 00:19:39,869 [INFO] CodeEngine:255 - oldGeneratedFile, D:\stm32_projects\STM32_Hobby_Projects\STM32_Bootloader\Stm32_Bootloader\USB_HOST\Target\usbh_conf.h_save
2026-03-30 00:19:40,002 [INFO] CodeEngine:279 - Generated code: D:\stm32_projects\STM32_Hobby_Projects\STM32_Bootloader\Stm32_Bootloader\USB_HOST\Target\usbh_conf.h
2026-03-30 00:19:40,035 [INFO] CodeEngine:255 - oldGeneratedFile, D:\stm32_projects\STM32_Hobby_Projects\STM32_Bootloader\Stm32_Bootloader\USB_HOST\Target\usbh_conf.c_save
2026-03-30 00:19:40,230 [INFO] CodeEngine:279 - Generated code: D:\stm32_projects\STM32_Hobby_Projects\STM32_Bootloader\Stm32_Bootloader\USB_HOST\Target\usbh_conf.c
2026-03-30 00:19:40,244 [INFO] CodeEngine:255 - oldGeneratedFile, D:\stm32_projects\STM32_Hobby_Projects\STM32_Bootloader\Stm32_Bootloader\USB_HOST\Target\usbh_platform.c_save
2026-03-30 00:19:40,360 [INFO] CodeEngine:279 - Generated code: D:\stm32_projects\STM32_Hobby_Projects\STM32_Bootloader\Stm32_Bootloader\USB_HOST\Target\usbh_platform.c
2026-03-30 00:19:40,384 [INFO] CodeEngine:255 - oldGeneratedFile, D:\stm32_projects\STM32_Hobby_Projects\STM32_Bootloader\Stm32_Bootloader\USB_HOST\Target\usbh_platform.h_save
2026-03-30 00:19:40,479 [INFO] CodeEngine:279 - Generated code: D:\stm32_projects\STM32_Hobby_Projects\STM32_Bootloader\Stm32_Bootloader\USB_HOST\Target\usbh_platform.h
2026-03-30 00:19:40,528 [INFO] CodeEngine:255 - oldGeneratedFile, D:\stm32_projects\STM32_Hobby_Projects\STM32_Bootloader\Stm32_Bootloader\Core\Src\stm32f4xx_it.c_save
2026-03-30 00:19:40,783 [INFO] CodeEngine:279 - Generated code: D:\stm32_projects\STM32_Hobby_Projects\STM32_Bootloader\Stm32_Bootloader\Core\Src\stm32f4xx_it.c
2026-03-30 00:19:40,801 [INFO] CodeEngine:255 - oldGeneratedFile, D:\stm32_projects\STM32_Hobby_Projects\STM32_Bootloader\Stm32_Bootloader\Core\Inc\stm32f4xx_it.h_save
2026-03-30 00:19:40,894 [INFO] CodeEngine:279 - Generated code: D:\stm32_projects\STM32_Hobby_Projects\STM32_Bootloader\Stm32_Bootloader\Core\Inc\stm32f4xx_it.h
2026-03-30 00:19:40,933 [INFO] CodeEngine:255 - oldGeneratedFile, D:\stm32_projects\STM32_Hobby_Projects\STM32_Bootloader\Stm32_Bootloader\Core\Src\stm32f4xx_hal_msp.c_save
2026-03-30 00:19:41,166 [INFO] CodeEngine:279 - Generated code: D:\stm32_projects\STM32_Hobby_Projects\STM32_Bootloader\Stm32_Bootloader\Core\Src\stm32f4xx_hal_msp.c
2026-03-30 00:19:41,190 [INFO] CodeEngine:255 - oldGeneratedFile, D:\stm32_projects\STM32_Hobby_Projects\STM32_Bootloader\Stm32_Bootloader\MXTmpFiles\system.tmp_save
2026-03-30 00:19:41,273 [INFO] CodeEngine:279 - Generated code: D:\stm32_projects\STM32_Hobby_Projects\STM32_Bootloader\Stm32_Bootloader\MXTmpFiles\system.tmp
2026-03-30 00:19:41,318 [INFO] CodeEngine:311 - oldGeneratedFile, D:\stm32_projects\STM32_Hobby_Projects\STM32_Bootloader\Stm32_Bootloader\Core\Inc\stm32f4xx_hal_conf.h_save
2026-03-30 00:19:41,456 [INFO] CodeEngine:335 - Generated code: D:\stm32_projects\STM32_Hobby_Projects\STM32_Bootloader\Stm32_Bootloader\Core\Inc\stm32f4xx_hal_conf.h
2026-03-30 00:19:41,542 [INFO] CodeEngine:255 - oldGeneratedFile, D:\stm32_projects\STM32_Hobby_Projects\STM32_Bootloader\Stm32_Bootloader\Core\Inc\main.h_save
2026-03-30 00:19:41,658 [INFO] CodeEngine:279 - Generated code: D:\stm32_projects\STM32_Hobby_Projects\STM32_Bootloader\Stm32_Bootloader\Core\Inc\main.h
2026-03-30 00:19:41,682 [INFO] CodeEngine:255 - oldGeneratedFile, D:\stm32_projects\STM32_Hobby_Projects\STM32_Bootloader\Stm32_Bootloader\Core\Src\main.c_save
2026-03-30 00:19:41,866 [INFO] CodeEngine:279 - Generated code: D:\stm32_projects\STM32_Hobby_Projects\STM32_Bootloader\Stm32_Bootloader\Core\Src\main.c
2026-03-30 00:19:42,854 [INFO] ProjectBuilder:3076 - Time for Copy HAL[1] : 527mS.
2026-03-30 00:19:42,862 [INFO] ProjectBuilder:4485 - Project Generator version: 4.2.0-B44
2026-03-30 00:19:43,169 [INFO] ConfigFileManager:1495 - The Die is : DIE413
2026-03-30 00:19:43,180 [INFO] ApiDbMcu:508 - Load IP Config File for FATFS
2026-03-30 00:19:43,186 [INFO] ApiDbMcu:508 - Load IP Config File for FREERTOS
2026-03-30 00:19:43,190 [INFO] ApiDbMcu:508 - Load IP Config File for LIBJPEG
2026-03-30 00:19:43,199 [INFO] ApiDbMcu:508 - Load IP Config File for LWIP
2026-03-30 00:19:43,208 [INFO] ApiDbMcu:508 - Load IP Config File for MBEDTLS
2026-03-30 00:19:43,217 [INFO] ApiDbMcu:508 - Load IP Config File for USB_DEVICE
2026-03-30 00:19:46,286 [INFO] ProjectBuilder:4747 - Time for Generating toolchain IDE Files: 3424mS.
2026-03-30 00:19:46,289 [INFO] ProjectBuilder:2947 - Time for Copy CMSIS : 2mS.
2026-03-30 00:19:46,294 [INFO] ProjectBuilder:2947 - Time for Copy CMSIS : 0mS.
