2026-05-29 21:54:35,928 [INFO] Activator:176 - 


2026-05-29 21:54:35,936 [INFO] Activator:177 - !SESSION log4j initialized
2026-05-29 21:54:46,448 [INFO] LogOutputStream:77 - [STDOUT_REDIRECT] 
2026-05-29 21:54:50,401 [INFO] ApplicationProperties:184 - Using Application install path: C:\ST\STM32CubeIDE_1.14.0\STM32CubeIDE\plugins\com.st.stm32cube.common.mx_6.10.0.202311202037
2026-05-29 21:54:50,433 [INFO] DbMcusXml:78 - Set database path to: C:\ST\STM32CubeIDE_1.14.0\STM32CubeIDE\plugins\com.st.stm32cube.common.mx_6.10.0.202311202037\\db\/mcu/
2026-05-29 21:54:50,433 [INFO] ApiDb:274 - Set plugin database path to: C:\ST\STM32CubeIDE_1.14.0\STM32CubeIDE\plugins\com.st.stm32cube.common.mx_6.10.0.202311202037\\db\/plugins/boardmanager/
2026-05-29 21:54:50,434 [WARN] ApiDb:259 - Overriding images path with different value:  => C:\ST\STM32CubeIDE_1.14.0\STM32CubeIDE\plugins\com.st.stm32cube.common.mx_6.10.0.202311202037\\db\/plugins/mcufinder/images/
2026-05-29 21:54:50,455 [INFO] ApiDb:250 - Set database path to: C:\Users\sfkfa\.stmcufinder\plugins\mcufinder//mcu/
2026-05-29 21:54:50,457 [INFO] DbMcusAds:125 - Set database path to: C:\Users\sfkfa\.stmcufinder\plugins\mcufinder//mcu/
2026-05-29 21:54:50,460 [INFO] CrossReferenceDbSqlite:203 - Set database path to: C:\Users\sfkfa\.stmcufinder\plugins\mcufinder//mcu/cs/
2026-05-29 21:54:50,643 [INFO] RulesReader:64 - Compatibility file has been processed (297 Rules)
2026-05-29 21:54:50,874 [INFO] DbMcusXml:78 - Set database path to: C:\ST\STM32CubeIDE_1.14.0\STM32CubeIDE\plugins\com.st.stm32cube.common.mx_6.10.0.202311202037\\db\/mcu/
2026-05-29 21:54:50,874 [INFO] ApiDb:274 - Set plugin database path to: C:\ST\STM32CubeIDE_1.14.0\STM32CubeIDE\plugins\com.st.stm32cube.common.mx_6.10.0.202311202037\\db\/plugins/boardmanager/
2026-05-29 21:54:50,874 [INFO] ApiDb:261 - Set plugin images path to: C:\ST\STM32CubeIDE_1.14.0\STM32CubeIDE\plugins\com.st.stm32cube.common.mx_6.10.0.202311202037\\db\/plugins/mcufinder/images/
2026-05-29 21:54:50,874 [WARN] DbFile:41 - Overriding database path with different value: C:\Users\sfkfa\.stmcufinder\plugins\mcufinder/ => C:\Users\sfkfa\.stmcufinder\plugins\mcufinder
2026-05-29 21:54:50,875 [INFO] ApiDb:250 - Set database path to: C:\Users\sfkfa\.stmcufinder\plugins\mcufinder//mcu/
2026-05-29 21:54:50,875 [WARN] DbFile:41 - Overriding database path with different value: C:\Users\sfkfa\.stmcufinder\plugins\mcufinder/ => C:\Users\sfkfa\.stmcufinder\plugins\mcufinder
2026-05-29 21:54:50,875 [INFO] DbMcusAds:125 - Set database path to: C:\Users\sfkfa\.stmcufinder\plugins\mcufinder//mcu/
2026-05-29 21:54:50,875 [WARN] DbFile:41 - Overriding database path with different value: C:\Users\sfkfa\.stmcufinder\plugins\mcufinder/ => C:\Users\sfkfa\.stmcufinder\plugins\mcufinder
2026-05-29 21:54:50,875 [WARN] DbFile:41 - Overriding database path with different value: C:\Users\sfkfa\.stmcufinder\plugins\mcufinder/ => C:\Users\sfkfa\.stmcufinder\plugins\mcufinder
2026-05-29 21:54:50,875 [INFO] CrossReferenceDbSqlite:203 - Set database path to: C:\Users\sfkfa\.stmcufinder\plugins\mcufinder//mcu/cs/
2026-05-29 21:54:51,032 [INFO] MainPanel:264 - HeapMemory: 268435456
2026-05-29 21:54:51,200 [INFO] DbMcusXml:78 - Set database path to: C:\ST\STM32CubeIDE_1.14.0\STM32CubeIDE\plugins\com.st.stm32cube.common.mx_6.10.0.202311202037\\db\/mcu/
2026-05-29 21:54:51,200 [INFO] ApiDb:274 - Set plugin database path to: C:\ST\STM32CubeIDE_1.14.0\STM32CubeIDE\plugins\com.st.stm32cube.common.mx_6.10.0.202311202037\\db\/plugins/boardmanager/
2026-05-29 21:54:51,201 [INFO] ApiDb:261 - Set plugin images path to: C:\ST\STM32CubeIDE_1.14.0\STM32CubeIDE\plugins\com.st.stm32cube.common.mx_6.10.0.202311202037\\db\/plugins/mcufinder/images/
2026-05-29 21:54:51,201 [WARN] DbFile:41 - Overriding database path with different value: C:\Users\sfkfa\.stmcufinder\plugins\mcufinder/ => C:\Users\sfkfa\.stmcufinder\plugins\mcufinder
2026-05-29 21:54:51,201 [INFO] ApiDb:250 - Set database path to: C:\Users\sfkfa\.stmcufinder\plugins\mcufinder//mcu/
2026-05-29 21:54:51,201 [WARN] DbFile:41 - Overriding database path with different value: C:\Users\sfkfa\.stmcufinder\plugins\mcufinder/ => C:\Users\sfkfa\.stmcufinder\plugins\mcufinder
2026-05-29 21:54:51,202 [INFO] DbMcusAds:125 - Set database path to: C:\Users\sfkfa\.stmcufinder\plugins\mcufinder//mcu/
2026-05-29 21:54:51,202 [WARN] DbFile:41 - Overriding database path with different value: C:\Users\sfkfa\.stmcufinder\plugins\mcufinder/ => C:\Users\sfkfa\.stmcufinder\plugins\mcufinder
2026-05-29 21:54:51,202 [WARN] DbFile:41 - Overriding database path with different value: C:\Users\sfkfa\.stmcufinder\plugins\mcufinder/ => C:\Users\sfkfa\.stmcufinder\plugins\mcufinder
2026-05-29 21:54:51,202 [INFO] CrossReferenceDbSqlite:203 - Set database path to: C:\Users\sfkfa\.stmcufinder\plugins\mcufinder//mcu/cs/
2026-05-29 21:54:51,236 [INFO] ApplicationProperties:184 - Using Application install path: C:\ST\STM32CubeIDE_1.14.0\STM32CubeIDE\plugins\com.st.stm32cube.common.mx_6.10.0.202311202037
2026-05-29 21:54:51,238 [INFO] PluginManage:196 - Search for loadable plugins [exclusion list=, ]
2026-05-29 21:54:51,241 [INFO] PluginManage:310 - Check plugin analytics
2026-05-29 21:54:51,539 [INFO] AnalyticsPlugin:253 - Accepted Software Licenses: 
2026-05-29 21:54:51,540 [INFO] AnalyticsPlugin:255 - Accepted CMSIS Pack Licenses: 
2026-05-29 21:54:51,540 [INFO] AnalyticsPlugin:257 - Accepted Firmware Licenses: FW.F4.1.28.0,FW.L4.1.18.0
2026-05-29 21:54:51,546 [INFO] PluginManage:359 - Loaded plugin analytics (category:tool,tabindex:-1)
2026-05-29 21:54:51,547 [INFO] PluginManage:310 - Check plugin cadmodel
2026-05-29 21:54:51,578 [INFO] CADModel:105 - Init CAD model plugin
2026-05-29 21:54:51,578 [INFO] PluginManage:359 - Loaded plugin cadmodel (category:power,tabindex:5)
2026-05-29 21:54:51,578 [INFO] PluginManage:310 - Check plugin clock
2026-05-29 21:54:51,616 [INFO] PluginManage:359 - Loaded plugin clock (category:base,tabindex:2)
2026-05-29 21:54:51,616 [INFO] PluginManage:310 - Check plugin ddr
2026-05-29 21:54:51,619 [INFO] PluginManage:359 - Loaded plugin ddr (category:tool,tabindex:6)
2026-05-29 21:54:51,620 [INFO] PluginManage:310 - Check plugin filemanager
2026-05-29 21:54:51,847 [INFO] PluginManage:359 - Loaded plugin filemanager (category:base,tabindex:10)
2026-05-29 21:54:51,847 [INFO] PluginManage:310 - Check plugin ipmanager
2026-05-29 21:54:51,861 [INFO] PluginManage:359 - Loaded plugin ipmanager (category:base,tabindex:5)
2026-05-29 21:54:51,861 [INFO] PluginManage:310 - Check plugin lpbam
2026-05-29 21:54:51,887 [INFO] PluginManage:359 - Loaded plugin lpbam (category:base,tabindex:0)
2026-05-29 21:54:51,888 [INFO] PluginManage:310 - Check plugin memorymap
2026-05-29 21:54:51,924 [INFO] PluginManage:359 - Loaded plugin memorymap (category:base,tabindex:4)
2026-05-29 21:54:51,924 [INFO] PluginManage:310 - Check plugin pinoutandconfiguration
2026-05-29 21:54:51,949 [INFO] PluginManage:359 - Loaded plugin pinoutandconfiguration (category:base,tabindex:1)
2026-05-29 21:54:51,949 [INFO] PluginManage:310 - Check plugin pinoutconfig
2026-05-29 21:54:52,091 [WARN] SupportedApi:132 - Cannot load RTOS API schema: s4s-elt-must-match.1: The content of 'definitions' must match (annotation?, (simpleType | complexType)?, (unique | key | keyref)*)). A problem was found starting at: attribute.
2026-05-29 21:54:52,305 [INFO] PluginManage:359 - Loaded plugin pinoutconfig (category:base,tabindex:0)
2026-05-29 21:54:52,305 [INFO] PluginManage:310 - Check plugin power
2026-05-29 21:54:52,344 [INFO] PluginManage:359 - Loaded plugin power (category:power,tabindex:4)
2026-05-29 21:54:52,345 [INFO] PluginManage:310 - Check plugin projectmanager
2026-05-29 21:54:52,368 [INFO] PluginManage:359 - Loaded plugin projectmanager (category:projectmanager,tabindex:3)
2026-05-29 21:54:52,368 [INFO] PluginManage:310 - Check plugin thirdparty
2026-05-29 21:54:52,850 [INFO] PluginManage:359 - Loaded plugin thirdparty (category:base,tabindex:-1)
2026-05-29 21:54:52,850 [WARN] IntegrityCheckThread:84 - waiting for thirdparty lock release [integrity check]
2026-05-29 21:54:52,851 [INFO] IntegrityCheckThread:86 - entering critical section [integrity check]
2026-05-29 21:54:52,852 [INFO] PluginManage:310 - Check plugin tools
2026-05-29 21:54:52,852 [INFO] ThirdPartyUpdaterWithRetryManager:70 - Updater plugin not ready yet. [1/15]
2026-05-29 21:54:52,923 [INFO] PluginManage:359 - Loaded plugin tools (category:base,tabindex:7)
2026-05-29 21:54:52,923 [INFO] PluginManage:310 - Check plugin tutovideos
2026-05-29 21:54:53,248 [INFO] PluginManage:359 - Loaded plugin tutovideos (category:base,tabindex:-1)
2026-05-29 21:54:53,248 [INFO] PluginManage:310 - Check plugin updater
2026-05-29 21:54:53,267 [INFO] PluginManage:359 - Loaded plugin updater (category:base,tabindex:12)
2026-05-29 21:54:53,268 [INFO] PluginManage:310 - Check plugin userauth
2026-05-29 21:54:53,277 [INFO] UserAuth:114 - Init User Auth plugin
2026-05-29 21:54:53,277 [INFO] PluginManage:359 - Loaded plugin userauth (category:base,tabindex:14)
2026-05-29 21:54:53,278 [INFO] PluginManage:283 - PluginManage : Loaded plugins [17]
2026-05-29 21:54:53,689 [INFO] PinOutPanel:1499 - setPackage(No Configuration,No Configuration)
2026-05-29 21:54:53,852 [INFO] CADModel:165 - CPN selected for project level
2026-05-29 21:54:53,853 [INFO] CADModel:114 - Register for checkConnection events
2026-05-29 21:54:53,892 [INFO] IPUIPlugin:80 - create IPUIPlugin
2026-05-29 21:54:53,892 [INFO] PluginManager:220 - loadIPPluginJar : add adc
2026-05-29 21:54:53,951 [INFO] IPUIPlugin:80 - create IPUIPlugin
2026-05-29 21:54:53,952 [INFO] PluginManager:220 - loadIPPluginJar : add aes
2026-05-29 21:54:54,032 [INFO] IPUIPlugin:80 - create IPUIPlugin
2026-05-29 21:54:54,032 [INFO] PluginManager:220 - loadIPPluginJar : add can
2026-05-29 21:54:54,072 [INFO] IPUIPlugin:80 - create IPUIPlugin
2026-05-29 21:54:54,072 [INFO] PluginManager:220 - loadIPPluginJar : add comp
2026-05-29 21:54:54,127 [INFO] IPUIPlugin:80 - create IPUIPlugin
2026-05-29 21:54:54,127 [INFO] PluginManager:220 - loadIPPluginJar : add cryp
2026-05-29 21:54:54,179 [INFO] IPUIPlugin:80 - create IPUIPlugin
2026-05-29 21:54:54,179 [INFO] PluginManager:220 - loadIPPluginJar : add dfsdm
2026-05-29 21:54:54,202 [INFO] IPUIPlugin:80 - create IPUIPlugin
2026-05-29 21:54:54,203 [INFO] PluginManager:220 - loadIPPluginJar : add dma
2026-05-29 21:54:54,279 [INFO] IPUIPlugin:80 - create IPUIPlugin
2026-05-29 21:54:54,280 [INFO] PluginManager:220 - loadIPPluginJar : add dma3
2026-05-29 21:54:54,322 [INFO] IPUIPlugin:80 - create IPUIPlugin
2026-05-29 21:54:54,324 [INFO] PluginManager:220 - loadIPPluginJar : add fatfs
2026-05-29 21:54:54,413 [INFO] IPUIPlugin:80 - create IPUIPlugin
2026-05-29 21:54:54,413 [INFO] PluginManager:220 - loadIPPluginJar : add fmc
2026-05-29 21:54:54,441 [INFO] IPUIPlugin:80 - create IPUIPlugin
2026-05-29 21:54:54,441 [INFO] PluginManager:220 - loadIPPluginJar : add freertos
2026-05-29 21:54:54,481 [INFO] IPUIPlugin:80 - create IPUIPlugin
2026-05-29 21:54:54,481 [INFO] PluginManager:220 - loadIPPluginJar : add genericplugin
2026-05-29 21:54:54,661 [INFO] IPUIPlugin:80 - create IPUIPlugin
2026-05-29 21:54:54,661 [INFO] PluginManager:220 - loadIPPluginJar : add gfxmmu
2026-05-29 21:54:54,930 [INFO] IPUIPlugin:80 - create IPUIPlugin
2026-05-29 21:54:54,931 [INFO] PluginManager:220 - loadIPPluginJar : add gic
2026-05-29 21:54:54,958 [INFO] IPUIPlugin:80 - create IPUIPlugin
2026-05-29 21:54:54,959 [INFO] PluginManager:220 - loadIPPluginJar : add gpio
2026-05-29 21:54:55,135 [INFO] IPUIPlugin:80 - create IPUIPlugin
2026-05-29 21:54:55,136 [INFO] PluginManager:220 - loadIPPluginJar : add gtzc
2026-05-29 21:54:55,196 [INFO] IPUIPlugin:80 - create IPUIPlugin
2026-05-29 21:54:55,197 [INFO] PluginManager:220 - loadIPPluginJar : add hash
2026-05-29 21:54:55,295 [INFO] IPUIPlugin:80 - create IPUIPlugin
2026-05-29 21:54:55,295 [INFO] PluginManager:220 - loadIPPluginJar : add i2c
2026-05-29 21:54:55,366 [INFO] IPUIPlugin:80 - create IPUIPlugin
2026-05-29 21:54:55,366 [INFO] PluginManager:220 - loadIPPluginJar : add i2s
2026-05-29 21:54:55,455 [INFO] IPUIPlugin:80 - create IPUIPlugin
2026-05-29 21:54:55,455 [INFO] PluginManager:220 - loadIPPluginJar : add i3c
2026-05-29 21:54:55,660 [INFO] IPUIPlugin:80 - create IPUIPlugin
2026-05-29 21:54:55,660 [INFO] PluginManager:220 - loadIPPluginJar : add ipddr
2026-05-29 21:54:55,837 [INFO] IPUIPlugin:80 - create IPUIPlugin
2026-05-29 21:54:55,837 [INFO] PluginManager:220 - loadIPPluginJar : add linkedlist
2026-05-29 21:54:55,854 [INFO] ThirdPartyUpdaterWithRetryManager:70 - Updater plugin not ready yet. [2/15]
2026-05-29 21:54:55,901 [INFO] IPUIPlugin:80 - create IPUIPlugin
2026-05-29 21:54:55,902 [INFO] PluginManager:220 - loadIPPluginJar : add lorawan
2026-05-29 21:54:55,965 [INFO] IPUIPlugin:80 - create IPUIPlugin
2026-05-29 21:54:55,966 [INFO] PluginManager:220 - loadIPPluginJar : add ltdc
2026-05-29 21:54:55,986 [INFO] IPUIPlugin:80 - create IPUIPlugin
2026-05-29 21:54:55,986 [INFO] PluginManager:220 - loadIPPluginJar : add mdma
2026-05-29 21:54:56,005 [INFO] IPUIPlugin:80 - create IPUIPlugin
2026-05-29 21:54:56,006 [INFO] PluginManager:220 - loadIPPluginJar : add nvic
2026-05-29 21:54:56,069 [INFO] IPUIPlugin:80 - create IPUIPlugin
2026-05-29 21:54:56,070 [INFO] PluginManager:220 - loadIPPluginJar : add opamp
2026-05-29 21:54:56,185 [INFO] IPUIPlugin:80 - create IPUIPlugin
2026-05-29 21:54:56,185 [INFO] PluginManager:220 - loadIPPluginJar : add openamp
2026-05-29 21:54:56,274 [INFO] IPUIPlugin:80 - create IPUIPlugin
2026-05-29 21:54:56,274 [INFO] PluginManager:220 - loadIPPluginJar : add pdm2pcm
2026-05-29 21:54:56,299 [INFO] IPUIPlugin:80 - create IPUIPlugin
2026-05-29 21:54:56,303 [INFO] PluginManager:220 - loadIPPluginJar : add plateformsettings
2026-05-29 21:54:56,343 [INFO] IPUIPlugin:80 - create IPUIPlugin
2026-05-29 21:54:56,343 [INFO] PluginManager:220 - loadIPPluginJar : add quadspi
2026-05-29 21:54:56,365 [INFO] IPUIPlugin:80 - create IPUIPlugin
2026-05-29 21:54:56,367 [INFO] PluginManager:220 - loadIPPluginJar : add resmgrutility
2026-05-29 21:54:56,455 [INFO] IPUIPlugin:80 - create IPUIPlugin
2026-05-29 21:54:56,455 [INFO] PluginManager:220 - loadIPPluginJar : add sai
2026-05-29 21:54:56,520 [INFO] IPUIPlugin:80 - create IPUIPlugin
2026-05-29 21:54:56,521 [INFO] PluginManager:220 - loadIPPluginJar : add spi
2026-05-29 21:54:56,654 [INFO] IPUIPlugin:80 - create IPUIPlugin
2026-05-29 21:54:56,654 [INFO] PluginManager:220 - loadIPPluginJar : add stm32_wpan
2026-05-29 21:54:56,699 [INFO] IPUIPlugin:80 - create IPUIPlugin
2026-05-29 21:54:56,699 [INFO] PluginManager:220 - loadIPPluginJar : add tim
2026-05-29 21:54:56,814 [INFO] IPUIPlugin:80 - create IPUIPlugin
2026-05-29 21:54:56,814 [INFO] PluginManager:220 - loadIPPluginJar : add touchsensing
2026-05-29 21:54:56,857 [INFO] IPUIPlugin:80 - create IPUIPlugin
2026-05-29 21:54:56,857 [INFO] PluginManager:220 - loadIPPluginJar : add tracer_emb
2026-05-29 21:54:56,903 [INFO] IPUIPlugin:80 - create IPUIPlugin
2026-05-29 21:54:56,903 [INFO] PluginManager:220 - loadIPPluginJar : add ts
2026-05-29 21:54:56,947 [INFO] IPUIPlugin:80 - create IPUIPlugin
2026-05-29 21:54:56,947 [INFO] PluginManager:220 - loadIPPluginJar : add tsc
2026-05-29 21:54:56,993 [INFO] IPUIPlugin:80 - create IPUIPlugin
2026-05-29 21:54:56,993 [INFO] PluginManager:220 - loadIPPluginJar : add ucpd
2026-05-29 21:54:57,086 [INFO] IPUIPlugin:80 - create IPUIPlugin
2026-05-29 21:54:57,086 [INFO] PluginManager:220 - loadIPPluginJar : add usart
2026-05-29 21:54:57,156 [INFO] IPUIPlugin:80 - create IPUIPlugin
2026-05-29 21:54:57,156 [INFO] PluginManager:220 - loadIPPluginJar : add usbx
2026-05-29 21:54:57,336 [INFO] CADModel:165 - CPN selected for project level
2026-05-29 21:54:57,336 [INFO] CADModel:114 - Register for checkConnection events
2026-05-29 21:54:57,337 [FATAL] Updater:308 - Updater called before beeing initialized
2026-05-29 21:54:57,337 [ERROR] CADModel:125 - Updater not yet initialized, retry later 
2026-05-29 21:54:57,686 [INFO] CADModel:165 - CPN selected for project level
2026-05-29 21:54:57,686 [INFO] CADModel:114 - Register for checkConnection events
2026-05-29 21:54:57,686 [FATAL] Updater:308 - Updater called before beeing initialized
2026-05-29 21:54:57,686 [ERROR] CADModel:125 - Updater not yet initialized, retry later 
2026-05-29 21:54:57,692 [FATAL] Updater:308 - Updater called before beeing initialized
2026-05-29 21:54:58,005 [FATAL] Updater:308 - Updater called before beeing initialized
2026-05-29 21:54:58,031 [INFO] DbMcusAds:53 - JSON generation date=Thu Mar 05 20:02:52 IST 2026 (1772721172890)
2026-05-29 21:54:58,031 [FATAL] Updater:308 - Updater called before beeing initialized
2026-05-29 21:54:58,100 [WARN] DetailPanel:346 - Failed to get advertising image, set to default
2026-05-29 21:54:58,313 [FATAL] Updater:308 - Updater called before beeing initialized
2026-05-29 21:54:58,318 [FATAL] Updater:308 - Updater called before beeing initialized
2026-05-29 21:54:58,319 [FATAL] Updater:308 - Updater called before beeing initialized
2026-05-29 21:54:58,319 [WARN] DetailPanel:346 - Failed to get advertising image, set to default
2026-05-29 21:54:58,321 [FATAL] Updater:308 - Updater called before beeing initialized
2026-05-29 21:54:58,514 [ERROR] Updater:1120 - MainUpdater not yet initialized. External WinMGr cannot be set.
2026-05-29 21:54:58,540 [INFO] Updater:1056 - Updater Version found : 6.10.0
2026-05-29 21:54:58,571 [INFO] ApplicationProperties:184 - Using Application install path: C:\ST\STM32CubeIDE_1.14.0\STM32CubeIDE\plugins\com.st.stm32cube.common.mx_6.10.0.202311202037
2026-05-29 21:54:58,855 [INFO] ThirdPartyUpdaterWithRetryManager:70 - Updater plugin not ready yet. [3/15]
2026-05-29 21:55:00,050 [INFO] MainUpdater:2873 - connection check result : 10
2026-05-29 21:55:00,051 [INFO] MainUpdater:3567 - Updater definition file requires update
2026-05-29 21:55:00,054 [INFO] MainUpdater:290 - Updater Check For Update Now.
2026-05-29 21:55:00,054 [INFO] MicroXplorer:498 - Change Database Version : DB.6.0.100
2026-05-29 21:55:00,080 [INFO] McuFinderGlobals:63 - Set McuFinder mode to 2 (CubeIDE integrated)
2026-05-29 21:55:00,402 [INFO] ServerAccessManage:473 - Download File updaters.zip
2026-05-29 21:55:01,856 [WARN] MainUpdater:1194 - Updater busy. Cannot search thirdparties
2026-05-29 21:55:01,857 [INFO] ThirdPartyUpdaterWithRetryManager:96 - Updater plugin is busy. [1/15]
2026-05-29 21:55:02,570 [INFO] UserAuth:404 - Internet connection configuration mode: 1
2026-05-29 21:55:02,627 [INFO] JxBrowserEngine:152 - Initiate JxBrowser Engine with user profile folder
2026-05-29 21:55:04,858 [WARN] MainUpdater:1194 - Updater busy. Cannot search thirdparties
2026-05-29 21:55:04,858 [INFO] ThirdPartyUpdaterWithRetryManager:96 - Updater plugin is busy. [2/15]
2026-05-29 21:55:05,185 [INFO] FileExtend:240 - Unzip File : updaters.zip
2026-05-29 21:55:05,186 [INFO] FileExtend:255 - Standard Zip Deflate
2026-05-29 21:55:07,242 [INFO] ServerAccessManage:473 - Download File PacksControlFlags.xml
2026-05-29 21:55:07,589 [INFO] WebApp:161 - Instantiating new browser for Auth
2026-05-29 21:55:07,620 [INFO] ServerAccessManage:473 - Download File cubemx.pidx
2026-05-29 21:55:07,859 [WARN] MainUpdater:1194 - Updater busy. Cannot search thirdparties
2026-05-29 21:55:07,859 [INFO] ThirdPartyUpdaterWithRetryManager:96 - Updater plugin is busy. [3/15]
2026-05-29 21:55:08,797 [INFO] WebApp:780 - Register for checkConnection events
2026-05-29 21:55:08,798 [INFO] WebApp:414 - Apply proxy settings
2026-05-29 21:55:08,798 [INFO] WebApp:499 - Chromium requires no authentication
2026-05-29 21:55:08,812 [INFO] WebApp:442 - Direct internet connection detected
2026-05-29 21:55:08,915 [INFO] ServerAccessManage:473 - Download File STMicroelectronics.X-CUBE-FREERTOS.pdsc
2026-05-29 21:55:09,099 [INFO] WebApp:192 - Starting web application
2026-05-29 21:55:09,099 [INFO] WebApp:544 - Web application path used C:\ST\STM32CubeIDE_1.14.0\STM32CubeIDE\plugins\com.st.stm32cube.common.mx_6.10.0.202311202037\db\plugins\mcufinder\reactClient1\index.html
2026-05-29 21:55:10,860 [WARN] MainUpdater:1194 - Updater busy. Cannot search thirdparties
2026-05-29 21:55:10,860 [INFO] ThirdPartyUpdaterWithRetryManager:96 - Updater plugin is busy. [4/15]
2026-05-29 21:55:12,287 [INFO] ServerAccessManage:473 - Download File STMicroelectronics.X-CUBE-ALGOBUILD.pdsc
2026-05-29 21:55:13,862 [WARN] MainUpdater:1194 - Updater busy. Cannot search thirdparties
2026-05-29 21:55:13,862 [INFO] ThirdPartyUpdaterWithRetryManager:96 - Updater plugin is busy. [5/15]
2026-05-29 21:55:16,041 [WARN] PopulateThirdPartyThread:106 - Error when creating pack: C:/Users/sfkfa/.stm32cubemx/thirdparties/pdsc/STMicroelectronics.X-CUBE-FREERTOS.pdsc
2026-05-29 21:55:16,107 [WARN] PackLoader:240 - Cannot read IP mode file for STMicroelectronics.X-CUBE-ALGOBUILD.1.5.0
2026-05-29 21:55:16,113 [INFO] PopulateThirdPartyThread:66 - Ending populate Thread
2026-05-29 21:55:16,115 [INFO] ThirdParty:1030 - CMSIS Pack Vendor :STMicroelectronics X-CUBE-ALGOBUILD 1.5.0
2026-05-29 21:55:16,116 [INFO] LoadServerUpdatesThread:375 - End of LoadServerUpdate Thread
2026-05-29 21:55:16,282 [INFO] CheckServerUpdateThread:120 - End of CheckServer Thread
2026-05-29 21:55:17,721 [WARN] PackLoader:240 - Cannot read IP mode file for STMicroelectronics.X-CUBE-AZRTOS-H7.3.5.0
2026-05-29 21:55:17,753 [WARN] PackLoader:240 - Cannot read IP mode file for STMicroelectronics.FP-SNS-MOTENVWB1.1.4.0
2026-05-29 21:55:17,780 [WARN] PackLoader:240 - Cannot read IP mode file for STMicroelectronics.FP-ATR-ASTRA1.2.0.2
2026-05-29 21:55:17,800 [WARN] PackLoader:240 - Cannot read IP mode file for STMicroelectronics.FP-ATR-ASTRA1.2.0.1
2026-05-29 21:55:17,825 [WARN] PackLoader:240 - Cannot read IP mode file for STMicroelectronics.X-CUBE-SMBUS.2.1.0
2026-05-29 21:55:17,853 [WARN] PackLoader:240 - Cannot read IP mode file for STMicroelectronics.X-CUBE-WB05N.1.1.0
2026-05-29 21:55:17,874 [ERROR] Engine:466 - C:\Users\sfkfa\.stm32cubemx\thirdparties\pdsc\STMicroelectronics.X-CUBE-ST60.1.0.0.pdsc: PDSC version is not supported
2026-05-29 21:55:17,898 [WARN] PackLoader:240 - Cannot read IP mode file for STMicroelectronics.X-CUBE-TOUCHGFX.4.23.1
2026-05-29 21:55:17,946 [WARN] PackLoader:240 - Cannot read IP mode file for STMicroelectronics.X-CUBE-AZRTOS-F7.1.1.0
2026-05-29 21:55:17,978 [WARN] PackLoader:240 - Cannot read IP mode file for STMicroelectronics.FP-SNS-MOTENV1.4.3.2
2026-05-29 21:55:18,075 [WARN] PackLoader:240 - Cannot read IP mode file for STMicroelectronics.X-CUBE-MEMS1.11.0.0
2026-05-29 21:55:18,287 [ERROR] Engine:466 - C:\Users\sfkfa\.stm32cubemx\thirdparties\pdsc\STMicroelectronics.FP-SNS-MOTENV1.5.1.0.pdsc: PDSC version is not supported
2026-05-29 21:55:18,313 [WARN] PackLoader:240 - Cannot read IP mode file for STMicroelectronics.FP-SNS-FLIGHT1.5.0.2
2026-05-29 21:55:18,376 [WARN] PackLoader:240 - Cannot read IP mode file for STMicroelectronics.X-CUBE-AZRTOS-H7.3.4.0
2026-05-29 21:55:18,415 [WARN] PackLoader:240 - Cannot read IP mode file for STMicroelectronics.X-CUBE-DISPLAY.3.0.0
2026-05-29 21:55:18,446 [WARN] PackLoader:240 - Cannot read IP mode file for STMicroelectronics.X-CUBE-GNSS1.7.1.1
2026-05-29 21:55:18,456 [ERROR] Engine:466 - C:\Users\sfkfa\.stm32cubemx\thirdparties\pdsc\STMicroelectronics.FP-SNS-MOTENVWB1.1.5.0.pdsc: PDSC version is not supported
2026-05-29 21:55:18,484 [WARN] PackLoader:240 - Cannot read IP mode file for STMicroelectronics.X-CUBE-BLE1.7.0.0
2026-05-29 21:55:18,515 [WARN] PackLoader:240 - Cannot read IP mode file for STMicroelectronics.X-CUBE-NFC10.1.0.0
2026-05-29 21:55:18,552 [WARN] PackLoader:240 - Cannot read IP mode file for STMicroelectronics.X-CUBE-BLEMGR.4.0.0
2026-05-29 21:55:18,575 [ERROR] Engine:466 - C:\Users\sfkfa\.stm32cubemx\thirdparties\pdsc\STMicroelectronics.X-CUBE-ST60.1.1.0.pdsc: PDSC version is not supported
2026-05-29 21:55:18,608 [WARN] PackLoader:240 - Cannot read IP mode file for emotas.I-CUBE-CANOPEN.1.3.0
2026-05-29 21:55:18,639 [WARN] PackLoader:240 - Cannot read IP mode file for STMicroelectronics.X-CUBE-GNSS1.7.1.0
2026-05-29 21:55:18,672 [WARN] PackLoader:240 - Cannot read IP mode file for STMicroelectronics.X-CUBE-BLEMGR.3.1.0
2026-05-29 21:55:18,703 [WARN] PackLoader:240 - Cannot read IP mode file for STMicroelectronics.X-CUBE-AI.10.0.0
2026-05-29 21:55:18,726 [ERROR] Engine:466 - C:\Users\sfkfa\.stm32cubemx\thirdparties\pdsc\STMicroelectronics.FP-SNS-STBOX1.2.1.0.pdsc: PDSC version is not supported
2026-05-29 21:55:18,753 [WARN] PackLoader:240 - Cannot read IP mode file for STMicroelectronics.FP-SNS-SMARTAG2.1.2.0
2026-05-29 21:55:18,758 [ERROR] Engine:466 - C:\Users\sfkfa\.stm32cubemx\thirdparties\pdsc\STMicroelectronics.FP-SNS-FLIGHT1.5.1.0.pdsc: PDSC version is not supported
2026-05-29 21:55:18,851 [WARN] PackLoader:240 - Cannot read IP mode file for STMicroelectronics.X-CUBE-MEMS1.11.1.0
2026-05-29 21:55:19,026 [INFO] LogOutputStream:77 - [STDOUT_REDIRECT] 1 : Invalid condition id : UX_CORESTACK_Condition cause : null
2026-05-29 21:55:19,027 [INFO] LogOutputStream:77 - [STDOUT_REDIRECT] 1 : Invalid condition id : UX_CORESTACK_Condition cause : null
2026-05-29 21:55:19,028 [INFO] LogOutputStream:77 - [STDOUT_REDIRECT] 1 : Invalid condition id : UX_CORESTACK_Condition cause : null
2026-05-29 21:55:19,029 [INFO] LogOutputStream:77 - [STDOUT_REDIRECT] 1 : Invalid condition id : UX_CORESTACK_Condition cause : null
2026-05-29 21:55:19,031 [INFO] LogOutputStream:77 - [STDOUT_REDIRECT] 1 : Invalid condition id : UX_CORESTACK_Condition cause : null
2026-05-29 21:55:19,035 [WARN] PackLoader:240 - Cannot read IP mode file for STMicroelectronics.X-CUBE-AZRTOS-WL.2.0.0
2026-05-29 21:55:19,061 [WARN] PackLoader:240 - Cannot read IP mode file for STMicroelectronics.FP-SNS-MOTENV1.5.0.0
2026-05-29 21:55:19,112 [WARN] PackLoader:240 - Cannot read IP mode file for STMicroelectronics.X-CUBE-AZRTOS-H7RS.1.2.0
2026-05-29 21:55:19,125 [WARN] PackLoader:240 - Cannot read IP mode file for wolfSSL.I-CUBE-wolfMQTT.1.19.0
2026-05-29 21:55:19,153 [WARN] PackLoader:240 - Cannot read IP mode file for WES.I-CUBE-Cesium.1.3.0
2026-05-29 21:55:19,178 [WARN] PackLoader:240 - Cannot read IP mode file for STMicroelectronics.X-CUBE-BLE2.3.3.0
2026-05-29 21:55:19,184 [ERROR] Engine:466 - C:\Users\sfkfa\.stm32cubemx\thirdparties\pdsc\Avnet-IOTCONNECT.X-CUBE-iotc-st67-sdk.1.0.0.pdsc: PDSC version is not supported
2026-05-29 21:55:19,211 [WARN] PackLoader:240 - Cannot read IP mode file for STMicroelectronics.X-CUBE-NFC9.1.0.0
2026-05-29 21:55:19,236 [WARN] PackLoader:240 - Cannot read IP mode file for STMicroelectronics.X-CUBE-BLE1.7.1.0
2026-05-29 21:55:19,268 [WARN] PackLoader:240 - Cannot read IP mode file for STMicroelectronics.X-CUBE-TCPP.4.1.0
2026-05-29 21:55:19,289 [ERROR] Engine:466 - C:\Users\sfkfa\.stm32cubemx\thirdparties\pdsc\STMicroelectronics.X-CUBE-FREERTOS.1.4.0.pdsc: PDSC version is not supported
2026-05-29 21:55:19,319 [WARN] PackLoader:240 - Cannot read IP mode file for STMicroelectronics.X-CUBE-EEPRMA1.5.2.0
2026-05-29 21:55:19,343 [ERROR] Engine:466 - C:\Users\sfkfa\.stm32cubemx\thirdparties\pdsc\STMicroelectronics.X-CUBE-ST67W61.1.1.0.pdsc: PDSC version is not supported
2026-05-29 21:55:19,363 [ERROR] Engine:466 - C:\Users\sfkfa\.stm32cubemx\thirdparties\pdsc\STMicroelectronics.FP-SNS-STAIOTCFT.1.1.0.pdsc: PDSC version is not supported
2026-05-29 21:55:19,442 [WARN] PackLoader:240 - Cannot read IP mode file for STMicroelectronics.X-CUBE-MEMS1.12.0.0
2026-05-29 21:55:19,580 [WARN] PackLoader:240 - Cannot read IP mode file for STMicroelectronics.X-CUBE-ALGOBUILD.1.3.0
2026-05-29 21:55:19,673 [WARN] PackLoader:240 - Cannot read IP mode file for STMicroelectronics.X-CUBE-MEMS1.11.2.0
2026-05-29 21:55:19,864 [WARN] PackLoader:240 - Cannot read IP mode file for STMicroelectronics.X-CUBE-AZRTOS-G0.1.1.0
2026-05-29 21:55:19,896 [WARN] PackLoader:240 - Cannot read IP mode file for STMicroelectronics.X-CUBE-SAFEA1.1.2.2
2026-05-29 21:55:19,924 [WARN] PackLoader:240 - Cannot read IP mode file for STMicroelectronics.X-CUBE-NFC4.3.0.0
2026-05-29 21:55:19,961 [WARN] PackLoader:240 - Cannot read IP mode file for EmbeddedOffice.I-CUBE-FS-RTOS.1.0.1
2026-05-29 21:55:19,961 [ERROR] ConditionMgr:805 - Attr not supported : Dmpu
2026-05-29 21:55:19,961 [ERROR] ConditionMgr:805 - Attr not supported : Dmpu
2026-05-29 21:55:19,962 [ERROR] ConditionMgr:805 - Attr not supported : Dmpu
2026-05-29 21:55:19,962 [ERROR] ConditionMgr:805 - Attr not supported : Dmpu
2026-05-29 21:55:19,962 [ERROR] ConditionMgr:805 - Attr not supported : Dmpu
2026-05-29 21:55:19,962 [ERROR] ConditionMgr:805 - Attr not supported : Dmpu
2026-05-29 21:55:19,962 [ERROR] ConditionMgr:805 - Attr not supported : Dmpu
2026-05-29 21:55:19,962 [ERROR] ConditionMgr:805 - Attr not supported : Dmpu
2026-05-29 21:55:19,962 [ERROR] ConditionMgr:805 - Attr not supported : Dmpu
2026-05-29 21:55:19,962 [ERROR] ConditionMgr:805 - Attr not supported : Dmpu
2026-05-29 21:55:19,962 [ERROR] ConditionMgr:805 - Attr not supported : Dmpu
2026-05-29 21:55:19,962 [ERROR] ConditionMgr:805 - Attr not supported : Dmpu
2026-05-29 21:55:19,963 [ERROR] ConditionMgr:805 - Attr not supported : Dmpu
2026-05-29 21:55:19,963 [ERROR] ConditionMgr:805 - Attr not supported : Dmpu
2026-05-29 21:55:19,963 [ERROR] ConditionMgr:805 - Attr not supported : Dmpu
2026-05-29 21:55:19,963 [ERROR] ConditionMgr:805 - Attr not supported : Dmpu
2026-05-29 21:55:19,963 [ERROR] ConditionMgr:805 - Attr not supported : Dmpu
2026-05-29 21:55:19,963 [ERROR] ConditionMgr:805 - Attr not supported : Dmpu
2026-05-29 21:55:19,963 [ERROR] ConditionMgr:805 - Attr not supported : Dmpu
2026-05-29 21:55:19,963 [ERROR] ConditionMgr:805 - Attr not supported : Dmpu
2026-05-29 21:55:19,963 [ERROR] ConditionMgr:805 - Attr not supported : Dmpu
2026-05-29 21:55:19,964 [ERROR] ConditionMgr:805 - Attr not supported : Dmpu
2026-05-29 21:55:19,964 [ERROR] ConditionMgr:805 - Attr not supported : Dmpu
2026-05-29 21:55:19,964 [ERROR] ConditionMgr:805 - Attr not supported : Dmpu
2026-05-29 21:55:19,964 [ERROR] ConditionMgr:805 - Attr not supported : Dmpu
2026-05-29 21:55:19,964 [ERROR] ConditionMgr:805 - Attr not supported : Dmpu
2026-05-29 21:55:19,964 [ERROR] ConditionMgr:805 - Attr not supported : Dmpu
2026-05-29 21:55:19,964 [ERROR] ConditionMgr:805 - Attr not supported : Dmpu
2026-05-29 21:55:19,964 [ERROR] ConditionMgr:805 - Attr not supported : Dmpu
2026-05-29 21:55:19,964 [ERROR] ConditionMgr:805 - Attr not supported : Dmpu
2026-05-29 21:55:19,965 [ERROR] ConditionMgr:805 - Attr not supported : Dmpu
2026-05-29 21:55:19,965 [ERROR] ConditionMgr:805 - Attr not supported : Dmpu
2026-05-29 21:55:19,965 [ERROR] ConditionMgr:805 - Attr not supported : Dmpu
2026-05-29 21:55:19,965 [ERROR] ConditionMgr:805 - Attr not supported : Dmpu
2026-05-29 21:55:19,965 [ERROR] ConditionMgr:805 - Attr not supported : Dmpu
2026-05-29 21:55:19,965 [ERROR] ConditionMgr:805 - Attr not supported : Dmpu
2026-05-29 21:55:19,965 [ERROR] ConditionMgr:805 - Attr not supported : Dmpu
2026-05-29 21:55:19,965 [ERROR] ConditionMgr:805 - Attr not supported : Dmpu
2026-05-29 21:55:19,966 [ERROR] ConditionMgr:805 - Attr not supported : Dmpu
2026-05-29 21:55:19,966 [ERROR] ConditionMgr:805 - Attr not supported : Dmpu
2026-05-29 21:55:19,966 [ERROR] ConditionMgr:805 - Attr not supported : Dmpu
2026-05-29 21:55:19,966 [ERROR] ConditionMgr:805 - Attr not supported : Dmpu
2026-05-29 21:55:19,966 [ERROR] ConditionMgr:805 - Attr not supported : Dmpu
2026-05-29 21:55:19,966 [ERROR] ConditionMgr:805 - Attr not supported : Dmpu
2026-05-29 21:55:19,966 [ERROR] ConditionMgr:805 - Attr not supported : Dmpu
2026-05-29 21:55:19,966 [ERROR] ConditionMgr:805 - Attr not supported : Dmpu
2026-05-29 21:55:19,966 [ERROR] ConditionMgr:805 - Attr not supported : Dmpu
2026-05-29 21:55:19,966 [ERROR] ConditionMgr:805 - Attr not supported : Dmpu
2026-05-29 21:55:19,967 [ERROR] ConditionMgr:805 - Attr not supported : Dmpu
2026-05-29 21:55:19,967 [ERROR] ConditionMgr:805 - Attr not supported : Dmpu
2026-05-29 21:55:19,967 [ERROR] ConditionMgr:805 - Attr not supported : Dmpu
2026-05-29 21:55:19,967 [ERROR] ConditionMgr:805 - Attr not supported : Dmpu
2026-05-29 21:55:19,967 [ERROR] ConditionMgr:805 - Attr not supported : Dmpu
2026-05-29 21:55:19,967 [ERROR] ConditionMgr:805 - Attr not supported : Dmpu
2026-05-29 21:55:19,968 [ERROR] ConditionMgr:805 - Attr not supported : Dmpu
2026-05-29 21:55:19,968 [ERROR] ConditionMgr:805 - Attr not supported : Dmpu
2026-05-29 21:55:19,968 [ERROR] ConditionMgr:805 - Attr not supported : Dmpu
2026-05-29 21:55:19,968 [ERROR] ConditionMgr:805 - Attr not supported : Dmpu
2026-05-29 21:55:19,968 [ERROR] ConditionMgr:805 - Attr not supported : Dmpu
2026-05-29 21:55:19,968 [ERROR] ConditionMgr:805 - Attr not supported : Dmpu
2026-05-29 21:55:19,968 [ERROR] ConditionMgr:805 - Attr not supported : Dmpu
2026-05-29 21:55:19,968 [ERROR] ConditionMgr:805 - Attr not supported : Dmpu
2026-05-29 21:55:19,968 [ERROR] ConditionMgr:805 - Attr not supported : Dmpu
2026-05-29 21:55:19,968 [ERROR] ConditionMgr:805 - Attr not supported : Dmpu
2026-05-29 21:55:19,993 [WARN] PackLoader:240 - Cannot read IP mode file for STMicroelectronics.X-CUBE-WB05N.2.0.0
2026-05-29 21:55:20,026 [WARN] PackLoader:240 - Cannot read IP mode file for STMicroelectronics.X-CUBE-BLEMGR.3.0.0
2026-05-29 21:55:20,049 [ERROR] Engine:466 - C:\Users\sfkfa\.stm32cubemx\thirdparties\pdsc\STMicroelectronics.X-CUBE-TCPP.4.2.0.pdsc: PDSC version is not supported
2026-05-29 21:55:20,077 [WARN] PackLoader:240 - Cannot read IP mode file for RealThread.X-CUBE-RT-Thread_Nano.4.1.1
2026-05-29 21:55:20,101 [WARN] PackLoader:240 - Cannot read IP mode file for wolfSSL.I-CUBE-wolfSSL.5.7.0
2026-05-29 21:55:20,127 [WARN] PackLoader:240 - Cannot read IP mode file for STMicroelectronics.FP-ATR-SIGFOX1.3.2.0
2026-05-29 21:55:20,140 [WARN] ConditionMgr:438 - getConditionDescription Invalid condition id : Cortex-A Device cause : null
2026-05-29 21:55:20,179 [WARN] ConditionMgr:1039 - genDependencies : Invalid condition id : Cortex-A Device cause : null
2026-05-29 21:55:20,179 [WARN] ConditionMgr:1039 - genDependencies : Invalid condition id : Cortex-A Device cause : null
2026-05-29 21:55:20,179 [WARN] ConditionMgr:1039 - genDependencies : Invalid condition id : Cortex-A Device cause : null
2026-05-29 21:55:20,204 [WARN] PackLoader:240 - Cannot read IP mode file for STMicroelectronics.X-CUBE-EEPRMA1.5.1.0
2026-05-29 21:55:20,208 [ERROR] Engine:466 - C:\Users\sfkfa\.stm32cubemx\thirdparties\pdsc\STMicroelectronics.X-CUBE-FREERTOS.1.5.0.pdsc: PDSC version is not supported
2026-05-29 21:55:20,236 [WARN] PackLoader:240 - Cannot read IP mode file for ITTIA_DB.I-CUBE-ITTIADB.8.9.0
2026-05-29 21:55:20,266 [WARN] PackLoader:240 - Cannot read IP mode file for STMicroelectronics.X-CUBE-NFC6.3.2.0
2026-05-29 21:55:20,291 [ERROR] Engine:466 - C:\Users\sfkfa\.stm32cubemx\thirdparties\pdsc\STMicroelectronics.X-CUBE-ST67W61.1.0.0.pdsc: PDSC version is not supported
2026-05-29 21:55:20,314 [WARN] PackLoader:240 - Cannot read IP mode file for STMicroelectronics.X-CUBE-AI.10.2.0
2026-05-29 21:55:20,402 [WARN] PackLoader:240 - Cannot read IP mode file for STMicroelectronics.X-CUBE-MEMS1.12.1.0
2026-05-29 21:55:20,539 [WARN] PackLoader:240 - Cannot read IP mode file for SEGGER.I-CUBE-embOS.1.3.1
2026-05-29 21:55:20,607 [WARN] PackLoader:240 - Cannot read IP mode file for STMicroelectronics.X-CUBE-ALGOBUILD.1.4.0
2026-05-29 21:55:20,678 [WARN] PackLoader:240 - Cannot read IP mode file for STMicroelectronics.X-CUBE-MEMS1.11.3.0
2026-05-29 21:55:20,858 [WARN] PackLoader:240 - Cannot read IP mode file for STMicroelectronics.X-CUBE-AI.9.1.0
2026-05-29 21:55:20,895 [WARN] PackLoader:240 - Cannot read IP mode file for STMicroelectronics.X-CUBE-PM33A1.1.0.0
2026-05-29 21:55:20,946 [WARN] PackLoader:240 - Cannot read IP mode file for STMicroelectronics.X-CUBE-GNSS1.6.0.0
2026-05-29 21:55:21,003 [WARN] PackLoader:240 - Cannot read IP mode file for STMicroelectronics.X-CUBE-AZRTOS-F4.1.1.0
2026-05-29 21:55:21,030 [ERROR] Engine:466 - C:\Users\sfkfa\.stm32cubemx\thirdparties\pdsc\Avnet-IotConnect.X-CUBE-IoTC-DA16k-PMOD.1.0.0.pdsc: PDSC version is not supported
2026-05-29 21:55:21,060 [WARN] PackLoader:240 - Cannot read IP mode file for STMicroelectronics.X-CUBE-ISPU.2.1.0
2026-05-29 21:55:21,090 [ERROR] Engine:466 - C:\Users\sfkfa\.stm32cubemx\thirdparties\pdsc\STMicroelectronics.X-CUBE-IPS.3.2.0.pdsc: PDSC version is not supported
2026-05-29 21:55:21,096 [ERROR] Engine:466 - C:\Users\sfkfa\.stm32cubemx\thirdparties\pdsc\STMicroelectronics.eDS-WB_DPC_TT-BIDIR.2.1.1.pdsc: PDSC version is not supported
2026-05-29 21:55:21,125 [WARN] PackLoader:240 - Cannot read IP mode file for STMicroelectronics.X-CUBE-FREERTOS.1.2.0
2026-05-29 21:55:21,156 [WARN] PackLoader:240 - Cannot read IP mode file for STMicroelectronics.X-CUBE-NFC12.1.0.0
2026-05-29 21:55:21,212 [WARN] PackLoader:240 - Cannot read IP mode file for STMicroelectronics.X-CUBE-AZRTOS-L5.2.0.0
2026-05-29 21:55:21,246 [WARN] PackLoader:240 - Cannot read IP mode file for STMicroelectronics.X-CUBE-NFC6.3.1.0
2026-05-29 21:55:21,260 [WARN] PackLoader:240 - Cannot read IP mode file for STMicroelectronics.X-CUBE-ALGOBUILD.1.5.0
2026-05-29 21:55:21,292 [WARN] PackLoader:240 - Cannot read IP mode file for STMicroelectronics.X-CUBE-DPower.1.2.0
2026-05-29 21:55:21,298 [ERROR] Engine:466 - C:\Users\sfkfa\.stm32cubemx\thirdparties\pdsc\STMicroelectronics.eDS-WB_DPC_VIENNA.1.2.0.pdsc: PDSC version is not supported
2026-05-29 21:55:21,304 [ERROR] Engine:466 - C:\Users\sfkfa\.stm32cubemx\thirdparties\pdsc\STMicroelectronics.eDS-WB_DPC_3PH2L-BIDIR.1.1.1.pdsc: PDSC version is not supported
2026-05-29 21:55:21,329 [WARN] PackLoader:240 - Cannot read IP mode file for STMicroelectronics.X-CUBE-AI.9.0.0
2026-05-29 21:55:21,354 [ERROR] Engine:466 - C:\Users\sfkfa\.stm32cubemx\thirdparties\pdsc\STMicroelectronics.X-CUBE-ST67W61.1.3.0.pdsc: PDSC version is not supported
2026-05-29 21:55:21,380 [WARN] PackLoader:240 - Cannot read IP mode file for STMicroelectronics.X-CUBE-FREERTOS.1.3.1
2026-05-29 21:55:21,411 [WARN] PackLoader:240 - Cannot read IP mode file for STMicroelectronics.X-CUBE-FREERTOS.1.3.0
2026-05-29 21:55:21,441 [WARN] PackLoader:240 - Cannot read IP mode file for STMicroelectronics.X-CUBE-NFC7.1.0.1
2026-05-29 21:55:21,465 [WARN] PackLoader:240 - Cannot read IP mode file for STMicroelectronics.X-CUBE-TOUCHGFX.4.26.0
2026-05-29 21:55:21,490 [WARN] PackLoader:240 - Cannot read IP mode file for STMicroelectronics.X-CUBE-TOUCHGFX.4.26.1
2026-05-29 21:55:21,510 [ERROR] Engine:466 - C:\Users\sfkfa\.stm32cubemx\thirdparties\pdsc\STMicroelectronics.FP-SNS-STAIOTCFT.1.0.0.pdsc: PDSC version is not supported
2026-05-29 21:55:21,532 [WARN] PackLoader:240 - Cannot read IP mode file for STMicroelectronics.X-CUBE-DPower.1.3.0
2026-05-29 21:55:21,558 [WARN] PackLoader:240 - Cannot read IP mode file for STMicroelectronics.X-CUBE-AI.8.1.0
2026-05-29 21:55:21,604 [WARN] ConditionMgr:438 - getConditionDescription Invalid condition id : LAN8742 Phy interface Condition cause : null
2026-05-29 21:55:21,605 [WARN] PackLoader:240 - Cannot read IP mode file for STMicroelectronics.X-CUBE-AZRTOS-L4.2.0.0
2026-05-29 21:55:21,610 [WARN] ConditionMgr:1039 - genDependencies : Invalid condition id : LAN8742 Phy interface Condition cause : null
2026-05-29 21:55:21,611 [WARN] ConditionMgr:1039 - genDependencies : Invalid condition id : LAN8742 Phy interface Condition cause : null
2026-05-29 21:55:21,611 [WARN] ConditionMgr:1039 - genDependencies : Invalid condition id : LAN8742 Phy interface Condition cause : null
2026-05-29 21:55:21,642 [WARN] PackLoader:240 - Cannot read IP mode file for STMicroelectronics.X-CUBE-SFXS2LP1.4.0.0
2026-05-29 21:55:21,680 [WARN] PackLoader:240 - Cannot read IP mode file for STMicroelectronics.X-CUBE-WB05N.2.1.0
2026-05-29 21:55:21,716 [ERROR] Engine:466 - C:\Users\sfkfa\.stm32cubemx\thirdparties\pdsc\STMicroelectronics.X-CUBE-ST67W61.1.2.0.pdsc: PDSC version is not supported
2026-05-29 21:55:21,780 [WARN] PackLoader:240 - Cannot read IP mode file for STMicroelectronics.X-CUBE-AZRTOS-H7.3.3.0
2026-05-29 21:55:21,814 [ERROR] Engine:466 - C:\Users\sfkfa\.stm32cubemx\thirdparties\pdsc\STMicroelectronics.X-CUBE-BLEMGR.4.1.0.pdsc: PDSC version is not supported
2026-05-29 21:55:21,849 [WARN] PackLoader:240 - Cannot read IP mode file for STMicroelectronics.X-CUBE-IPS.3.0.0
2026-05-29 21:55:21,894 [WARN] ConditionMgr:438 - getConditionDescription Invalid condition id : UX DEVICE CLASS RTOS Condition cause : null
2026-05-29 21:55:21,894 [WARN] ConditionMgr:438 - getConditionDescription Invalid condition id : UX DEVICE CLASS RTOS Condition cause : null
2026-05-29 21:55:21,896 [WARN] PackLoader:240 - Cannot read IP mode file for STMicroelectronics.X-CUBE-AZRTOS-WB.2.0.0
2026-05-29 21:55:21,896 [WARN] ConditionMgr:1039 - genDependencies : Invalid condition id : UX DEVICE CLASS RTOS Condition cause : null
2026-05-29 21:55:21,896 [WARN] ConditionMgr:1039 - genDependencies : Invalid condition id : UX DEVICE CLASS RTOS Condition cause : null
2026-05-29 21:55:21,897 [WARN] ConditionMgr:1039 - genDependencies : Invalid condition id : UX DEVICE CLASS RTOS Condition cause : null
2026-05-29 21:55:21,897 [WARN] ConditionMgr:1039 - genDependencies : Invalid condition id : UX DEVICE CLASS RTOS Condition cause : null
2026-05-29 21:55:21,897 [WARN] ConditionMgr:1039 - genDependencies : Invalid condition id : UX DEVICE CLASS RTOS Condition cause : null
2026-05-29 21:55:21,923 [WARN] PackLoader:240 - Cannot read IP mode file for STMicroelectronics.X-CUBE-GNSS1.7.0.0
2026-05-29 21:55:21,946 [WARN] PackLoader:240 - Cannot read IP mode file for STMicroelectronics.X-CUBE-GNSS1.7.0.1
2026-05-29 21:55:21,966 [WARN] PackLoader:240 - Cannot read IP mode file for STMicroelectronics.X-CUBE-TOUCHGFX.4.25.0
2026-05-29 21:55:21,992 [WARN] PackLoader:240 - Cannot read IP mode file for STMicroelectronics.FP-SNS-STBOX1.2.0.0
2026-05-29 21:55:22,019 [WARN] PackLoader:240 - Cannot read IP mode file for STMicroelectronics.X-CUBE-STSE01.2.0.0
2026-05-29 21:55:22,048 [WARN] PackLoader:240 - Cannot read IP mode file for STMicroelectronics.X-CUBE-SUBG2.5.0.0
2026-05-29 21:55:22,094 [WARN] PackLoader:240 - Cannot read IP mode file for STMicroelectronics.X-CUBE-AZRTOS-H7RS.1.1.0
2026-05-29 21:55:22,108 [WARN] PackLoader:240 - Cannot read IP mode file for Cesanta.I-CUBE-Mongoose.7.13.0
2026-05-29 21:55:22,148 [WARN] PackLoader:240 - Cannot read IP mode file for STMicroelectronics.X-CUBE-AZRTOS-G4.2.0.0
2026-05-29 21:55:22,168 [WARN] PackLoader:240 - Cannot read IP mode file for STMicroelectronics.X-CUBE-NFC7.2.0.0
2026-05-29 21:55:22,189 [WARN] PackLoader:240 - Cannot read IP mode file for STMicroelectronics.FP-SNS-MOTENVWB1.1.3.1
2026-05-29 21:55:22,210 [WARN] PackLoader:240 - Cannot read IP mode file for STMicroelectronics.X-CUBE-ISPU.2.0.0
2026-05-29 21:55:22,232 [ERROR] Engine:466 - C:\Users\sfkfa\.stm32cubemx\thirdparties\pdsc\STMicroelectronics.X-CUBE-IPS.3.1.0.pdsc: PDSC version is not supported
2026-05-29 21:55:22,259 [WARN] PackLoader:240 - Cannot read IP mode file for STMicroelectronics.X-CUBE-ALS.1.0.2
2026-05-29 21:55:22,317 [WARN] PackLoader:240 - Cannot read IP mode file for STMicroelectronics.X-CUBE-MEMS1.10.0.0
2026-05-29 21:55:22,424 [WARN] PackLoader:240 - Cannot read IP mode file for STMicroelectronics.X-CUBE-FREERTOS.1.1.0
2026-05-29 21:55:22,447 [WARN] PackLoader:240 - Cannot read IP mode file for STMicroelectronics.X-CUBE-TOUCHGFX.4.24.0
2026-05-29 21:55:22,468 [WARN] PackLoader:240 - Cannot read IP mode file for STMicroelectronics.X-CUBE-TOUCHGFX.4.24.2
2026-05-29 21:55:22,484 [WARN] PackLoader:240 - Cannot read IP mode file for STMicroelectronics.X-CUBE-TOUCHGFX.4.24.1
2026-05-29 21:55:22,503 [WARN] PackLoader:240 - Cannot read IP mode file for STMicroelectronics.X-CUBE-STSE01.1.0.0
2026-05-29 21:55:22,512 [WARN] PackLoader:240 - Cannot read IP mode file for wolfSSL.I-CUBE-wolfTPM.3.4.0
2026-05-29 21:55:22,533 [WARN] PackLoader:240 - Cannot read IP mode file for portGmbH.I-Cube-SoM-uGOAL.1.1.0
2026-05-29 21:55:22,549 [WARN] PackLoader:240 - Cannot read IP mode file for STMicroelectronics.X-CUBE-ALS.1.0.1
2026-05-29 21:55:22,581 [WARN] PackLoader:240 - Cannot read IP mode file for STMicroelectronics.X-CUBE-AZRTOS-H7RS.1.0.0
2026-05-29 21:55:22,601 [WARN] PackLoader:240 - Cannot read IP mode file for STMicroelectronics.FP-ATR-ASTRA1.2.0.0
2026-05-29 21:55:22,624 [WARN] PackLoader:240 - Cannot read IP mode file for STMicroelectronics.X-CUBE-TOF1.3.4.2
2026-05-29 21:55:22,650 [ERROR] Engine:466 - C:\Users\sfkfa\.stm32cubemx\thirdparties\pdsc\STMicroelectronics.X-CUBE-TOF1.3.4.3.pdsc: PDSC version is not supported
2026-05-29 21:55:22,673 [WARN] PackLoader:240 - Cannot read IP mode file for STMicroelectronics.X-CUBE-TOF1.3.4.1
2026-05-29 21:55:22,712 [WARN] PackLoader:240 - Cannot read IP mode file for STMicroelectronics.X-CUBE-AZRTOS-H7.3.2.0
2026-05-29 21:55:22,752 [WARN] PackLoader:240 - Cannot read IP mode file for Infineon.AIROC-Wi-Fi-Bluetooth-STM32.1.6.0
2026-05-29 21:55:22,763 [WARN] PackLoader:240 - Cannot read IP mode file for wolfSSL.I-CUBE-wolfSSH.1.4.17
2026-05-29 21:55:22,764 [INFO] ThirdParty:978 - Integrity check success = true
2026-05-29 21:55:22,764 [INFO] IntegrityCheckThread:100 - exiting critical section [integrity check]
2026-05-29 21:55:22,764 [INFO] IntegrityCheckThread:103 - End integrity checks thread
2026-05-29 21:55:31,047 [ERROR] LogOutputStream:75 - [STDERR_REDIRECT] SLF4J: Failed to load class "org.slf4j.impl.StaticLoggerBinder".
2026-05-29 21:55:31,047 [ERROR] LogOutputStream:75 - [STDERR_REDIRECT] SLF4J: Defaulting to no-operation (NOP) logger implementation
2026-05-29 21:55:31,051 [ERROR] LogOutputStream:75 - [STDERR_REDIRECT] SLF4J: See http://www.slf4j.org/codes.html#StaticLoggerBinder for further details.
2026-05-29 21:55:57,731 [ERROR] LogOutputStream:75 - [STDERR_REDIRECT] Warning: NLS missing message: GotoMatchingBracket_error_noMatchingBracket in: org.eclipse.ui.internal.genericeditor.messages
2026-05-29 21:55:57,734 [ERROR] LogOutputStream:75 - [STDERR_REDIRECT] Warning: NLS missing message: GotoMatchingBracket_error_bracketOutsideSelectedElement in: org.eclipse.ui.internal.genericeditor.messages
2026-05-29 21:59:33,738 [ERROR] LogOutputStream:75 - [STDERR_REDIRECT] 
2026-05-29 22:02:35,400 [INFO] Activator:176 - 


2026-05-29 22:02:35,405 [INFO] Activator:177 - !SESSION log4j initialized
2026-05-29 22:02:45,027 [INFO] LogOutputStream:77 - [STDOUT_REDIRECT] 
