2026-03-31 00:09:16,804 [INFO] I2sManager:658 - 9.6E7
2026-03-31 00:09:16,879 [INFO] I2sManager:195 - I2S Clock Value : 9.6E7
2026-03-31 00:09:16,881 [INFO] I2sManager:553 - AudioClock : 93750Divider : 2Odd : 0
2026-03-31 00:09:26,322 [INFO] Middleware:617 - instanceName : USB_HOST bspName : Drive_VBUS_FS check condition success for : SW_VBUS_DRIVE_AUDIO_FS = false
2026-03-31 00:09:26,322 [INFO] Middleware:617 - instanceName : USB_HOST bspName : Drive_VBUS_FS check condition success for : SW_VBUS_DRIVE_AUDIO_FS = false
2026-03-31 00:09:26,322 [INFO] Middleware:617 - instanceName : USB_HOST bspName : Drive_VBUS_HS check condition success for : SW_VBUS_DRIVE_AUDIO_HS = false
2026-03-31 00:09:26,322 [INFO] Middleware:617 - instanceName : USB_HOST bspName : Drive_VBUS_HS check condition success for : SW_VBUS_DRIVE_AUDIO_HS = false
2026-03-31 00:09:26,322 [INFO] Middleware:617 - instanceName : USB_HOST bspName : Drive_VBUS_FS check condition success for : SW_VBUS_DRIVE_CDC_FS = false
2026-03-31 00:09:26,322 [INFO] Middleware:617 - instanceName : USB_HOST bspName : Drive_VBUS_FS check condition success for : SW_VBUS_DRIVE_CDC_FS = false
2026-03-31 00:09:26,322 [INFO] Middleware:617 - instanceName : USB_HOST bspName : Drive_VBUS_FS check condition success for : SW_VBUS_DRIVE_CDC_FS = false
2026-03-31 00:09:26,323 [INFO] Middleware:617 - instanceName : USB_HOST bspName : Drive_VBUS_HS check condition success for : SW_VBUS_DRIVE_CDC_HS = false
2026-03-31 00:09:26,323 [INFO] Middleware:617 - instanceName : USB_HOST bspName : Drive_VBUS_HS check condition success for : SW_VBUS_DRIVE_CDC_HS = false
2026-03-31 00:09:26,323 [INFO] Middleware:617 - instanceName : USB_HOST bspName : Drive_VBUS_FS check condition success for : SW_VBUS_DRIVE_HID_FS = false
2026-03-31 00:09:26,323 [INFO] Middleware:617 - instanceName : USB_HOST bspName : Drive_VBUS_FS check condition success for : SW_VBUS_DRIVE_HID_FS = false
2026-03-31 00:09:26,323 [INFO] Middleware:617 - instanceName : USB_HOST bspName : Drive_VBUS_HS check condition success for : SW_VBUS_DRIVE_HID_HS = false
2026-03-31 00:09:26,323 [INFO] Middleware:617 - instanceName : USB_HOST bspName : Drive_VBUS_HS check condition success for : SW_VBUS_DRIVE_HID_HS = false
2026-03-31 00:09:26,323 [INFO] Middleware:617 - instanceName : USB_HOST bspName : Drive_VBUS_FS check condition success for : SW_VBUS_DRIVE_MSC_FS = false
2026-03-31 00:09:26,323 [INFO] Middleware:617 - instanceName : USB_HOST bspName : Drive_VBUS_FS check condition success for : SW_VBUS_DRIVE_MSC_FS = false
2026-03-31 00:09:26,323 [INFO] Middleware:617 - instanceName : USB_HOST bspName : Drive_VBUS_HS check condition success for : SW_VBUS_DRIVE_MSC_HS = false
2026-03-31 00:09:26,323 [INFO] Middleware:617 - instanceName : USB_HOST bspName : Drive_VBUS_HS check condition success for : SW_VBUS_DRIVE_MSC_HS = false
2026-03-31 00:09:26,323 [INFO] Middleware:617 - instanceName : USB_HOST bspName : Drive_VBUS_FS check condition success for : ALL_SW_VBUS_DRIVE_FS = false
2026-03-31 00:09:26,323 [INFO] Middleware:617 - instanceName : USB_HOST bspName : Drive_VBUS_FS check condition success for : ALL_SW_VBUS_DRIVE_FS = false
2026-03-31 00:09:26,323 [INFO] Middleware:617 - instanceName : USB_HOST bspName : Drive_VBUS_HS check condition success for : ALL_SW_VBUS_DRIVE_HS = false
2026-03-31 00:09:26,323 [INFO] Middleware:617 - instanceName : USB_HOST bspName : Drive_VBUS_HS check condition success for : ALL_SW_VBUS_DRIVE_HS = false
2026-03-31 00:09:26,323 [INFO] Middleware:617 - instanceName : USB_HOST bspName : Drive_VBUS_FS check condition success for : SW_VBUS_DRIVE_MTP_FS = false
2026-03-31 00:09:26,323 [INFO] Middleware:617 - instanceName : USB_HOST bspName : Drive_VBUS_FS check condition success for : SW_VBUS_DRIVE_MTP_FS = false
2026-03-31 00:09:26,323 [INFO] Middleware:617 - instanceName : USB_HOST bspName : Drive_VBUS_HS check condition success for : SW_VBUS_DRIVE_MTP_HS = false
2026-03-31 00:09:26,323 [INFO] Middleware:617 - instanceName : USB_HOST bspName : Drive_VBUS_HS check condition success for : SW_VBUS_DRIVE_MTP_HS = false
2026-03-31 00:09:26,323 [WARN] BspModel:444 - BSP dependency skipped because of component: name='IOExpander', api='Unknown'
2026-03-31 00:09:26,626 [INFO] Middleware:617 - instanceName : USB_HOST bspName : Drive_VBUS_FS check condition success for : SW_VBUS_DRIVE_AUDIO_FS = false
2026-03-31 00:09:26,626 [INFO] Middleware:617 - instanceName : USB_HOST bspName : Drive_VBUS_FS check condition success for : SW_VBUS_DRIVE_AUDIO_FS = false
2026-03-31 00:09:26,626 [INFO] Middleware:617 - instanceName : USB_HOST bspName : Drive_VBUS_HS check condition success for : SW_VBUS_DRIVE_AUDIO_HS = false
2026-03-31 00:09:26,626 [INFO] Middleware:617 - instanceName : USB_HOST bspName : Drive_VBUS_HS check condition success for : SW_VBUS_DRIVE_AUDIO_HS = false
2026-03-31 00:09:26,626 [INFO] Middleware:617 - instanceName : USB_HOST bspName : Drive_VBUS_FS check condition success for : SW_VBUS_DRIVE_CDC_FS = false
2026-03-31 00:09:26,626 [INFO] Middleware:617 - instanceName : USB_HOST bspName : Drive_VBUS_FS check condition success for : SW_VBUS_DRIVE_CDC_FS = false
2026-03-31 00:09:26,626 [INFO] Middleware:617 - instanceName : USB_HOST bspName : Drive_VBUS_FS check condition success for : SW_VBUS_DRIVE_CDC_FS = false
2026-03-31 00:09:26,626 [INFO] Middleware:617 - instanceName : USB_HOST bspName : Drive_VBUS_HS check condition success for : SW_VBUS_DRIVE_CDC_HS = false
2026-03-31 00:09:26,626 [INFO] Middleware:617 - instanceName : USB_HOST bspName : Drive_VBUS_HS check condition success for : SW_VBUS_DRIVE_CDC_HS = false
2026-03-31 00:09:26,626 [INFO] Middleware:617 - instanceName : USB_HOST bspName : Drive_VBUS_FS check condition success for : SW_VBUS_DRIVE_HID_FS = false
2026-03-31 00:09:26,626 [INFO] Middleware:617 - instanceName : USB_HOST bspName : Drive_VBUS_FS check condition success for : SW_VBUS_DRIVE_HID_FS = false
2026-03-31 00:09:26,626 [INFO] Middleware:617 - instanceName : USB_HOST bspName : Drive_VBUS_HS check condition success for : SW_VBUS_DRIVE_HID_HS = false
2026-03-31 00:09:26,626 [INFO] Middleware:617 - instanceName : USB_HOST bspName : Drive_VBUS_HS check condition success for : SW_VBUS_DRIVE_HID_HS = false
2026-03-31 00:09:26,626 [INFO] Middleware:617 - instanceName : USB_HOST bspName : Drive_VBUS_FS check condition success for : SW_VBUS_DRIVE_MSC_FS = false
2026-03-31 00:09:26,627 [INFO] Middleware:617 - instanceName : USB_HOST bspName : Drive_VBUS_FS check condition success for : SW_VBUS_DRIVE_MSC_FS = false
2026-03-31 00:09:26,627 [INFO] Middleware:617 - instanceName : USB_HOST bspName : Drive_VBUS_HS check condition success for : SW_VBUS_DRIVE_MSC_HS = false
2026-03-31 00:09:26,627 [INFO] Middleware:617 - instanceName : USB_HOST bspName : Drive_VBUS_HS check condition success for : SW_VBUS_DRIVE_MSC_HS = false
2026-03-31 00:09:26,627 [INFO] Middleware:617 - instanceName : USB_HOST bspName : Drive_VBUS_FS check condition success for : ALL_SW_VBUS_DRIVE_FS = false
2026-03-31 00:09:26,627 [INFO] Middleware:617 - instanceName : USB_HOST bspName : Drive_VBUS_FS check condition success for : ALL_SW_VBUS_DRIVE_FS = false
2026-03-31 00:09:26,627 [INFO] Middleware:617 - instanceName : USB_HOST bspName : Drive_VBUS_HS check condition success for : ALL_SW_VBUS_DRIVE_HS = false
2026-03-31 00:09:26,627 [INFO] Middleware:617 - instanceName : USB_HOST bspName : Drive_VBUS_HS check condition success for : ALL_SW_VBUS_DRIVE_HS = false
2026-03-31 00:09:26,627 [INFO] Middleware:617 - instanceName : USB_HOST bspName : Drive_VBUS_FS check condition success for : SW_VBUS_DRIVE_MTP_FS = false
2026-03-31 00:09:26,627 [INFO] Middleware:617 - instanceName : USB_HOST bspName : Drive_VBUS_FS check condition success for : SW_VBUS_DRIVE_MTP_FS = false
2026-03-31 00:09:26,627 [INFO] Middleware:617 - instanceName : USB_HOST bspName : Drive_VBUS_HS check condition success for : SW_VBUS_DRIVE_MTP_HS = false
2026-03-31 00:09:26,627 [INFO] Middleware:617 - instanceName : USB_HOST bspName : Drive_VBUS_HS check condition success for : SW_VBUS_DRIVE_MTP_HS = false
2026-03-31 00:09:26,628 [WARN] BspModel:444 - BSP dependency skipped because of component: name='IOExpander', api='Unknown'
2026-03-31 00:10:14,576 [INFO] UtilMem:75 - End SaveConfig() Used Memory: 826898248 Bytes (1073741824)
2026-03-31 00:10:18,260 [INFO] UtilMem:75 - End SaveConfig() Used Memory: 854161224 Bytes (1073741824)
2026-03-31 00:10:21,124 [INFO] UtilMem:75 - End SaveConfig() Used Memory: 788779032 Bytes (1073741824)
2026-03-31 00:10:21,628 [INFO] BlockDiagram:2759 - set Specific Code input for plugin: SPI
2026-03-31 00:10:21,628 [INFO] BlockDiagram:2759 - set Specific Code input for plugin: I2S
2026-03-31 00:10:21,628 [INFO] BlockDiagram:2759 - set Specific Code input for plugin: SYS
2026-03-31 00:10:21,628 [INFO] BlockDiagram:2759 - set Specific Code input for plugin: RCC
2026-03-31 00:10:21,628 [INFO] BlockDiagram:2759 - set Specific Code input for plugin: CRC
2026-03-31 00:10:21,628 [INFO] BlockDiagram:2759 - set Specific Code input for plugin: I2C
2026-03-31 00:10:21,628 [INFO] BlockDiagram:2759 - set Specific Code input for plugin: USB_OTG_FS
2026-03-31 00:10:21,630 [INFO] BlockDiagram:2759 - set Specific Code input for plugin: NVIC
2026-03-31 00:10:21,630 [INFO] BlockDiagram:2759 - set Specific Code input for plugin: USB_HOST
2026-03-31 00:10:21,630 [INFO] BlockDiagram:2759 - set Specific Code input for plugin: USART
2026-03-31 00:10:21,631 [INFO] BlockDiagram:2759 - set Specific Code input for plugin: GPIO
2026-03-31 00:10:21,632 [INFO] CodeGenerator:807 - code generatio: config db path: C:\ST\STM32CubeIDE_1.14.0\STM32CubeIDE\plugins\com.st.stm32cube.common.mx_6.10.0.202311202037\\db\
2026-03-31 00:10:21,638 [WARN] IP:2119 - I2C_Coeff_DF not found: check if there is a RefParameter without a condition.
2026-03-31 00:10:21,638 [WARN] IP:2119 - Analog_Filter not found: check if there is a RefParameter without a condition.
2026-03-31 00:10:21,867 [INFO] CodeEngine:255 - oldGeneratedFile, D:\stm32_projects\STM32_Hobby_Projects\STM32_Bootloader\Stm32_Bootloader\MXTmpFiles\license.tmp_save
2026-03-31 00:10:22,315 [INFO] CodeEngine:279 - Generated code: D:\stm32_projects\STM32_Hobby_Projects\STM32_Bootloader\Stm32_Bootloader\MXTmpFiles\license.tmp
2026-03-31 00:10:22,434 [INFO] CodeEngine:255 - oldGeneratedFile, D:\stm32_projects\STM32_Hobby_Projects\STM32_Bootloader\Stm32_Bootloader\MXTmpFiles\gpio.tmp_save
2026-03-31 00:10:22,612 [INFO] CodeEngine:279 - Generated code: D:\stm32_projects\STM32_Hobby_Projects\STM32_Bootloader\Stm32_Bootloader\MXTmpFiles\gpio.tmp
2026-03-31 00:10:22,713 [WARN] IPConfigManager:2946 - Warning: the RefConfig PWREx_EnableUSBVoltageDetector is not available in your config.xml file
2026-03-31 00:10:22,731 [INFO] CodeEngine:255 - oldGeneratedFile, D:\stm32_projects\STM32_Hobby_Projects\STM32_Bootloader\Stm32_Bootloader\MXTmpFiles\usb_otg_fs_vars.tmp_save
2026-03-31 00:10:22,918 [INFO] CodeEngine:279 - Generated code: D:\stm32_projects\STM32_Hobby_Projects\STM32_Bootloader\Stm32_Bootloader\MXTmpFiles\usb_otg_fs_vars.tmp
2026-03-31 00:10:22,927 [INFO] CodeEngine:255 - oldGeneratedFile, D:\stm32_projects\STM32_Hobby_Projects\STM32_Bootloader\Stm32_Bootloader\MXTmpFiles\usb_otg_fs_inc.tmp_save
2026-03-31 00:10:23,063 [INFO] CodeEngine:279 - Generated code: D:\stm32_projects\STM32_Hobby_Projects\STM32_Bootloader\Stm32_Bootloader\MXTmpFiles\usb_otg_fs_inc.tmp
2026-03-31 00:10:23,074 [INFO] CodeEngine:255 - oldGeneratedFile, D:\stm32_projects\STM32_Hobby_Projects\STM32_Bootloader\Stm32_Bootloader\MXTmpFiles\usb_otg_fs_HalInit.tmp_save
2026-03-31 00:10:23,271 [INFO] CodeEngine:279 - Generated code: D:\stm32_projects\STM32_Hobby_Projects\STM32_Bootloader\Stm32_Bootloader\MXTmpFiles\usb_otg_fs_HalInit.tmp
2026-03-31 00:10:23,281 [INFO] CodeEngine:255 - oldGeneratedFile, D:\stm32_projects\STM32_Hobby_Projects\STM32_Bootloader\Stm32_Bootloader\MXTmpFiles\usb_otg_fs_Msp.tmp_save
2026-03-31 00:10:23,451 [INFO] CodeEngine:279 - Generated code: D:\stm32_projects\STM32_Hobby_Projects\STM32_Bootloader\Stm32_Bootloader\MXTmpFiles\usb_otg_fs_Msp.tmp
2026-03-31 00:10:24,057 [INFO] CodeEngine:255 - oldGeneratedFile, D:\stm32_projects\STM32_Hobby_Projects\STM32_Bootloader\Stm32_Bootloader\USB_HOST\App\usb_host.c_save
2026-03-31 00:10:24,178 [INFO] CodeEngine:279 - Generated code: D:\stm32_projects\STM32_Hobby_Projects\STM32_Bootloader\Stm32_Bootloader\USB_HOST\App\usb_host.c
2026-03-31 00:10:24,191 [INFO] CodeEngine:255 - oldGeneratedFile, D:\stm32_projects\STM32_Hobby_Projects\STM32_Bootloader\Stm32_Bootloader\USB_HOST\App\usb_host.h_save
2026-03-31 00:10:24,294 [INFO] CodeEngine:279 - Generated code: D:\stm32_projects\STM32_Hobby_Projects\STM32_Bootloader\Stm32_Bootloader\USB_HOST\App\usb_host.h
2026-03-31 00:10:24,306 [INFO] CodeEngine:255 - oldGeneratedFile, D:\stm32_projects\STM32_Hobby_Projects\STM32_Bootloader\Stm32_Bootloader\USB_HOST\Target\usbh_conf.h_save
2026-03-31 00:10:24,406 [INFO] CodeEngine:279 - Generated code: D:\stm32_projects\STM32_Hobby_Projects\STM32_Bootloader\Stm32_Bootloader\USB_HOST\Target\usbh_conf.h
2026-03-31 00:10:24,429 [INFO] CodeEngine:255 - oldGeneratedFile, D:\stm32_projects\STM32_Hobby_Projects\STM32_Bootloader\Stm32_Bootloader\USB_HOST\Target\usbh_conf.c_save
2026-03-31 00:10:24,582 [INFO] CodeEngine:279 - Generated code: D:\stm32_projects\STM32_Hobby_Projects\STM32_Bootloader\Stm32_Bootloader\USB_HOST\Target\usbh_conf.c
2026-03-31 00:10:24,596 [INFO] CodeEngine:255 - oldGeneratedFile, D:\stm32_projects\STM32_Hobby_Projects\STM32_Bootloader\Stm32_Bootloader\USB_HOST\Target\usbh_platform.c_save
2026-03-31 00:10:24,714 [INFO] CodeEngine:279 - Generated code: D:\stm32_projects\STM32_Hobby_Projects\STM32_Bootloader\Stm32_Bootloader\USB_HOST\Target\usbh_platform.c
2026-03-31 00:10:24,725 [INFO] CodeEngine:255 - oldGeneratedFile, D:\stm32_projects\STM32_Hobby_Projects\STM32_Bootloader\Stm32_Bootloader\USB_HOST\Target\usbh_platform.h_save
2026-03-31 00:10:24,831 [INFO] CodeEngine:279 - Generated code: D:\stm32_projects\STM32_Hobby_Projects\STM32_Bootloader\Stm32_Bootloader\USB_HOST\Target\usbh_platform.h
2026-03-31 00:10:24,881 [INFO] CodeEngine:255 - oldGeneratedFile, D:\stm32_projects\STM32_Hobby_Projects\STM32_Bootloader\Stm32_Bootloader\Core\Src\stm32f4xx_it.c_save
2026-03-31 00:10:25,113 [INFO] CodeEngine:279 - Generated code: D:\stm32_projects\STM32_Hobby_Projects\STM32_Bootloader\Stm32_Bootloader\Core\Src\stm32f4xx_it.c
2026-03-31 00:10:25,127 [INFO] CodeEngine:255 - oldGeneratedFile, D:\stm32_projects\STM32_Hobby_Projects\STM32_Bootloader\Stm32_Bootloader\Core\Inc\stm32f4xx_it.h_save
2026-03-31 00:10:25,226 [INFO] CodeEngine:279 - Generated code: D:\stm32_projects\STM32_Hobby_Projects\STM32_Bootloader\Stm32_Bootloader\Core\Inc\stm32f4xx_it.h
2026-03-31 00:10:25,292 [INFO] CodeEngine:255 - oldGeneratedFile, D:\stm32_projects\STM32_Hobby_Projects\STM32_Bootloader\Stm32_Bootloader\Core\Src\stm32f4xx_hal_msp.c_save
2026-03-31 00:10:25,561 [INFO] CodeEngine:279 - Generated code: D:\stm32_projects\STM32_Hobby_Projects\STM32_Bootloader\Stm32_Bootloader\Core\Src\stm32f4xx_hal_msp.c
2026-03-31 00:10:25,589 [INFO] CodeEngine:255 - oldGeneratedFile, D:\stm32_projects\STM32_Hobby_Projects\STM32_Bootloader\Stm32_Bootloader\MXTmpFiles\system.tmp_save
2026-03-31 00:10:25,685 [INFO] CodeEngine:279 - Generated code: D:\stm32_projects\STM32_Hobby_Projects\STM32_Bootloader\Stm32_Bootloader\MXTmpFiles\system.tmp
2026-03-31 00:10:25,730 [INFO] CodeEngine:311 - oldGeneratedFile, D:\stm32_projects\STM32_Hobby_Projects\STM32_Bootloader\Stm32_Bootloader\Core\Inc\stm32f4xx_hal_conf.h_save
2026-03-31 00:10:25,931 [INFO] CodeEngine:335 - Generated code: D:\stm32_projects\STM32_Hobby_Projects\STM32_Bootloader\Stm32_Bootloader\Core\Inc\stm32f4xx_hal_conf.h
2026-03-31 00:10:26,038 [INFO] CodeEngine:255 - oldGeneratedFile, D:\stm32_projects\STM32_Hobby_Projects\STM32_Bootloader\Stm32_Bootloader\Core\Inc\main.h_save
2026-03-31 00:10:26,168 [INFO] CodeEngine:279 - Generated code: D:\stm32_projects\STM32_Hobby_Projects\STM32_Bootloader\Stm32_Bootloader\Core\Inc\main.h
2026-03-31 00:10:26,194 [INFO] CodeEngine:255 - oldGeneratedFile, D:\stm32_projects\STM32_Hobby_Projects\STM32_Bootloader\Stm32_Bootloader\Core\Src\main.c_save
2026-03-31 00:10:26,392 [INFO] CodeEngine:279 - Generated code: D:\stm32_projects\STM32_Hobby_Projects\STM32_Bootloader\Stm32_Bootloader\Core\Src\main.c
2026-03-31 00:10:27,675 [INFO] ProjectBuilder:3076 - Time for Copy HAL[1] : 591mS.
2026-03-31 00:10:27,683 [INFO] ProjectBuilder:4485 - Project Generator version: 4.2.0-B44
2026-03-31 00:10:27,991 [INFO] ConfigFileManager:1495 - The Die is : DIE413
2026-03-31 00:10:30,478 [INFO] ProjectBuilder:4747 - Time for Generating toolchain IDE Files: 2795mS.
2026-03-31 00:10:30,480 [INFO] ProjectBuilder:2947 - Time for Copy CMSIS : 2mS.
2026-03-31 00:10:30,488 [INFO] ProjectBuilder:2947 - Time for Copy CMSIS : 0mS.
